Using pre-set license
Built from '2022.3/staging' branch; Version is '2022.3.28f1 (6bae5ce6b222) revision 7056988'; Using compiler version '192829333'; Build Type 'Release'
OS: 'Windows 11  (10.0.22631) 64bit Professional' Language: 'en' Physical Memory: 16085 MB
BatchMode: 1, IsHumanControllingUs: 0, StartBugReporterOnCrash: 0, Is64bit: 1, IsPro: 1

COMMAND LINE ARGUMENTS:
C:\2022.3.28f1\Editor\Unity.exe
-adb2
-batchMode
-noUpm
-name
AssetImportWorker7
-projectPath
C:/Repos/PurrfectForge1/PurrfectForgeGameStudios1
-logFile
Logs/AssetImportWorker7.log
-srvPort
59198
Successfully changed project path to: C:/Repos/PurrfectForge1/PurrfectForgeGameStudios1
C:/Repos/PurrfectForge1/PurrfectForgeGameStudios1
[UnityMemory] Configuration Parameters - Can be set up in boot.config
    "memorysetup-bucket-allocator-granularity=16"
    "memorysetup-bucket-allocator-bucket-count=8"
    "memorysetup-bucket-allocator-block-size=33554432"
    "memorysetup-bucket-allocator-block-count=8"
    "memorysetup-main-allocator-block-size=16777216"
    "memorysetup-thread-allocator-block-size=16777216"
    "memorysetup-gfx-main-allocator-block-size=16777216"
    "memorysetup-gfx-thread-allocator-block-size=16777216"
    "memorysetup-cache-allocator-block-size=4194304"
    "memorysetup-typetree-allocator-block-size=2097152"
    "memorysetup-profiler-bucket-allocator-granularity=16"
    "memorysetup-profiler-bucket-allocator-bucket-count=8"
    "memorysetup-profiler-bucket-allocator-block-size=33554432"
    "memorysetup-profiler-bucket-allocator-block-count=8"
    "memorysetup-profiler-allocator-block-size=16777216"
    "memorysetup-profiler-editor-allocator-block-size=1048576"
    "memorysetup-temp-allocator-size-main=16777216"
    "memorysetup-job-temp-allocator-block-size=2097152"
    "memorysetup-job-temp-allocator-block-size-background=1048576"
    "memorysetup-job-temp-allocator-reduction-small-platforms=262144"
    "memorysetup-allocator-temp-initial-block-size-main=262144"
    "memorysetup-allocator-temp-initial-block-size-worker=262144"
    "memorysetup-temp-allocator-size-background-worker=32768"
    "memorysetup-temp-allocator-size-job-worker=262144"
    "memorysetup-temp-allocator-size-preload-manager=33554432"
    "memorysetup-temp-allocator-size-nav-mesh-worker=65536"
    "memorysetup-temp-allocator-size-audio-worker=65536"
    "memorysetup-temp-allocator-size-cloud-worker=32768"
    "memorysetup-temp-allocator-size-gi-baking-worker=262144"
    "memorysetup-temp-allocator-size-gfx=262144"
Player connection [22268] Host "[IP] 192.168.12.195 [Port] 0 [Flags] 2 [Guid] 2668912908 [EditorId] 2668912908 [Version] 1048832 [Id] WindowsEditor(7,MSI) [Debug] 1 [PackageName] WindowsEditor [ProjectName] Editor" joined multi-casting on [225.0.0.222:54997]...

Player connection [22268] Host "[IP] 192.168.12.195 [Port] 0 [Flags] 2 [Guid] 2668912908 [EditorId] 2668912908 [Version] 1048832 [Id] WindowsEditor(7,MSI) [Debug] 1 [PackageName] WindowsEditor [ProjectName] Editor" joined alternative multi-casting on [225.0.0.222:34997]...

[Physics::Module] Initialized MultithreadedJobDispatcher with 23 workers.
Refreshing native plugins compatible for Editor in 5.44 ms, found 3 plugins.
Preloading 0 native plugins for Editor in 0.00 ms.
Initialize engine version: 2022.3.28f1 (6bae5ce6b222)
[Subsystems] Discovering subsystems at path C:/2022.3.28f1/Editor/Data/Resources/UnitySubsystems
[Subsystems] Discovering subsystems at path C:/Repos/PurrfectForge1/PurrfectForgeGameStudios1/Assets
GfxDevice: creating device client; threaded=0; jobified=0
Direct3D:
    Version:  Direct3D 11.0 [level 11.1]
    Renderer: NVIDIA GeForce RTX 4070 Laptop GPU (ID=0x2820)
    Vendor:   NVIDIA
    VRAM:     7948 MB
    Driver:   32.0.15.6070
Initialize mono
Mono path[0] = 'C:/2022.3.28f1/Editor/Data/Managed'
Mono path[1] = 'C:/2022.3.28f1/Editor/Data/MonoBleedingEdge/lib/mono/unityjit-win32'
Mono config path = 'C:/2022.3.28f1/Editor/Data/MonoBleedingEdge/etc'
Using monoOptions --debugger-agent=transport=dt_socket,embedding=1,server=y,suspend=n,address=127.0.0.1:56136
Begin MonoManager ReloadAssembly
Registering precompiled unity dll's ...
Register platform support module: C:/2022.3.28f1/Editor/Data/PlaybackEngines/WindowsStandaloneSupport/UnityEditor.WindowsStandalone.Extensions.dll
Registered in 0.003197 seconds.
- Loaded All Assemblies, in  0.231 seconds
Native extension for WindowsStandalone target not found
Mono: successfully reloaded assembly
- Finished resetting the current domain, in  0.213 seconds
Domain Reload Profiling: 443ms
	BeginReloadAssembly (74ms)
		ExecutionOrderSort (0ms)
		DisableScriptedObjects (0ms)
		BackupInstance (0ms)
		ReleaseScriptingObjects (0ms)
		CreateAndSetChildDomain (0ms)
	RebuildCommonClasses (23ms)
	RebuildNativeTypeToScriptingClass (7ms)
	initialDomainReloadingComplete (36ms)
	LoadAllAssembliesAndSetupDomain (89ms)
		LoadAssemblies (73ms)
		RebuildTransferFunctionScriptingTraits (0ms)
		AnalyzeDomain (88ms)
			TypeCache.Refresh (87ms)
				TypeCache.ScanAssembly (78ms)
			ScanForSourceGeneratedMonoScriptInfo (0ms)
			ResolveRequiredComponents (0ms)
	FinalizeReload (213ms)
		ReleaseScriptCaches (0ms)
		RebuildScriptCaches (0ms)
		SetupLoadedEditorAssemblies (167ms)
			LogAssemblyErrors (0ms)
			InitializePlatformSupportModulesInManaged (9ms)
			SetLoadedEditorAssemblies (7ms)
			RefreshPlugins (0ms)
			BeforeProcessingInitializeOnLoad (2ms)
			ProcessInitializeOnLoadAttributes (116ms)
			ProcessInitializeOnLoadMethodAttributes (34ms)
			AfterProcessingInitializeOnLoad (0ms)
			EditorAssembliesLoaded (0ms)
		ExecutionOrderSort2 (0ms)
		AwakeInstancesAfterBackupRestoration (0ms)
========================================================================
Worker process is ready to serve import requests
Begin MonoManager ReloadAssembly
- Loaded All Assemblies, in  0.468 seconds
Refreshing native plugins compatible for Editor in 3.13 ms, found 3 plugins.
Native extension for WindowsStandalone target not found
Package Manager log level set to [2]
[Package Manager] Server::EnsureServerProcessIsRunning -- launch failed, reason: Unity was launched with the -noUpm command-line argument
[Package Manager] UpmClient::Send -- Unable to send message (not connected to UPM process).
[Package Manager] Cannot connect to Unity Package Manager local server
Mono: successfully reloaded assembly
- Finished resetting the current domain, in  0.424 seconds
Domain Reload Profiling: 890ms
	BeginReloadAssembly (107ms)
		ExecutionOrderSort (0ms)
		DisableScriptedObjects (3ms)
		BackupInstance (0ms)
		ReleaseScriptingObjects (0ms)
		CreateAndSetChildDomain (17ms)
	RebuildCommonClasses (22ms)
	RebuildNativeTypeToScriptingClass (7ms)
	initialDomainReloadingComplete (34ms)
	LoadAllAssembliesAndSetupDomain (295ms)
		LoadAssemblies (219ms)
		RebuildTransferFunctionScriptingTraits (0ms)
		AnalyzeDomain (136ms)
			TypeCache.Refresh (114ms)
				TypeCache.ScanAssembly (102ms)
			ScanForSourceGeneratedMonoScriptInfo (12ms)
			ResolveRequiredComponents (9ms)
	FinalizeReload (424ms)
		ReleaseScriptCaches (0ms)
		RebuildScriptCaches (0ms)
		SetupLoadedEditorAssemblies (308ms)
			LogAssemblyErrors (0ms)
			InitializePlatformSupportModulesInManaged (4ms)
			SetLoadedEditorAssemblies (2ms)
			RefreshPlugins (0ms)
			BeforeProcessingInitializeOnLoad (43ms)
			ProcessInitializeOnLoadAttributes (239ms)
			ProcessInitializeOnLoadMethodAttributes (15ms)
			AfterProcessingInitializeOnLoad (4ms)
			EditorAssembliesLoaded (0ms)
		ExecutionOrderSort2 (0ms)
		AwakeInstancesAfterBackupRestoration (4ms)
Launched and connected shader compiler UnityShaderCompiler.exe after 0.03 seconds
Refreshing native plugins compatible for Editor in 2.06 ms, found 3 plugins.
Preloading 0 native plugins for Editor in 0.00 ms.
Unloading 3318 Unused Serialized files (Serialized files now loaded: 0)
Unloading 46 unused Assets / (132.0 KB). Loaded Objects now: 3804.
Memory consumption went from 149.6 MB to 149.5 MB.
Total: 2.293200 ms (FindLiveObjects: 0.169400 ms CreateObjectMapping: 0.080000 ms MarkObjects: 1.934500 ms  DeleteObjects: 0.107100 ms)

AssetImportParameters requested are different than current active one (requested -> active):
  custom:container-demuxer-ogg: 62fdf1f143b41e24485cea50d1cbac27 -> 
  custom:video-codec-MediaFoundation-h265: 746d11721c4dcdbdad8f713fa42b33f4 -> 
  custom:video-decoder-ogg-theora: a1e56fd34408186e4bbccfd4996cb3dc -> 
  custom:framework-win-MediaFoundation: 216162199b28c13a410421893ffa2e32 -> 
  custom:CustomObjectIndexerAttribute: 9a22284fe3817be447336de3de66b15e -> 
  custom:container-demuxer-webm: 4f35f7cbe854078d1ac9338744f61a02 -> 
  custom:container-muxer-webm: aa71ff27fc2769a1b78a27578f13a17b -> 
  custom:video-decoder-webm-vp8: 9c59270c3fd7afecdb556c50c9e8de78 -> 
  custom:SearchIndexIgnoredProperties: e643bd26f0fe6173181afceb89e7c659 -> 
  custom:AudioImporter_EditorPlatform: d09bf68614088b80899f8185d706f6e7 -> 
  custom:video-encoder-webm-vp8: eb34c28f22e8b96e1ab97ce403110664 -> 
  custom:audio-decoder-ogg-vorbis: bf7c407c2cedff20999df2af8eb42d56 -> 
  custom:audio-encoder-webm-vorbis: bf7c407c2cedff20999df2af8eb42d56 -> 
========================================================================
Received Import Request.
  Time since last request: 179750.077123 seconds.
  path: Assets/SyntyStudios/PolygonAdventure/Models/Collision/SM_Env_HillSnow_02_Convex 6.asset
  artifactKey: Guid(9d2cf550d3f2a514dac67b6fdd1a3f2a) Importer(815301076,1909f56bfc062723c751e8b465ee728b)
Start importing Assets/SyntyStudios/PolygonAdventure/Models/Collision/SM_Env_HillSnow_02_Convex 6.asset using Guid(9d2cf550d3f2a514dac67b6fdd1a3f2a) Importer(815301076,1909f56bfc062723c751e8b465ee728b)  -> (artifact id: '5292b81dc760f779d87d260082115b3d') in 0.111321 seconds
Number of updated asset objects reloaded before import = 0
Number of asset objects unloaded after import = 5
========================================================================
Received Import Request.
  Time since last request: 0.000028 seconds.
  path: Assets/SyntyStudios/PolygonAdventure/Models/Collision/SM_Bld_Stall_Cover_03_Convex 2.asset
  artifactKey: Guid(6def4cbf6d197b54085d83b53d1250d0) Importer(815301076,1909f56bfc062723c751e8b465ee728b)
Start importing Assets/SyntyStudios/PolygonAdventure/Models/Collision/SM_Bld_Stall_Cover_03_Convex 2.asset using Guid(6def4cbf6d197b54085d83b53d1250d0) Importer(815301076,1909f56bfc062723c751e8b465ee728b)  -> (artifact id: '1f73674c848521457bafd66037b3c6ea') in 0.044127 seconds
Number of updated asset objects reloaded before import = 0
Number of asset objects unloaded after import = 5
========================================================================
Received Import Request.
  Time since last request: 0.353906 seconds.
  path: Assets/SyntyStudios/PolygonAdventure/Models/Collision/SM_Env_TreeDead_02_Snow_Convex 3.asset
  artifactKey: Guid(479c614fd82049845b9ab98340e4c1c6) Importer(815301076,1909f56bfc062723c751e8b465ee728b)
Start importing Assets/SyntyStudios/PolygonAdventure/Models/Collision/SM_Env_TreeDead_02_Snow_Convex 3.asset using Guid(479c614fd82049845b9ab98340e4c1c6) Importer(815301076,1909f56bfc062723c751e8b465ee728b)  -> (artifact id: 'c159673d64a4db2bd79d9ce7e8ae8f5f') in 0.033646 seconds
Number of updated asset objects reloaded before import = 0
Number of asset objects unloaded after import = 5
========================================================================
Received Import Request.
  Time since last request: 0.000021 seconds.
  path: Assets/SyntyStudios/PolygonAdventure/Models/Collision/SM_Env_TreeDead_02_Snow_Convex 2.asset
  artifactKey: Guid(a99162354f88f98439684e19e846369f) Importer(815301076,1909f56bfc062723c751e8b465ee728b)
Start importing Assets/SyntyStudios/PolygonAdventure/Models/Collision/SM_Env_TreeDead_02_Snow_Convex 2.asset using Guid(a99162354f88f98439684e19e846369f) Importer(815301076,1909f56bfc062723c751e8b465ee728b)  -> (artifact id: 'a1e556688df64b2365363ccfe978b1f4') in 0.033529 seconds
Number of updated asset objects reloaded before import = 0
Number of asset objects unloaded after import = 5
========================================================================
Received Import Request.
  Time since last request: 0.029874 seconds.
  path: Assets/SyntyStudios/PolygonAdventure/Models/Collision/SM_Prop_Cart_02_Convex 1.asset
  artifactKey: Guid(b6469c2b9df86a846b5817b461ab080b) Importer(815301076,1909f56bfc062723c751e8b465ee728b)
Start importing Assets/SyntyStudios/PolygonAdventure/Models/Collision/SM_Prop_Cart_02_Convex 1.asset using Guid(b6469c2b9df86a846b5817b461ab080b) Importer(815301076,1909f56bfc062723c751e8b465ee728b)  -> (artifact id: '209739852dbfffdc242492b3356bf635') in 0.034807 seconds
Number of updated asset objects reloaded before import = 0
Number of asset objects unloaded after import = 5
========================================================================
Received Import Request.
  Time since last request: 0.490554 seconds.
  path: Assets/SyntyStudios/PolygonAdventure/Models/Collision/SM_Env_Stream_Straight_02_Convex 10.asset
  artifactKey: Guid(1a5aefbbc72227042b7508c7a2460868) Importer(815301076,1909f56bfc062723c751e8b465ee728b)
Start importing Assets/SyntyStudios/PolygonAdventure/Models/Collision/SM_Env_Stream_Straight_02_Convex 10.asset using Guid(1a5aefbbc72227042b7508c7a2460868) Importer(815301076,1909f56bfc062723c751e8b465ee728b)  -> (artifact id: 'd5367bb6655b901c63d06981a07a1d2c') in 0.057199 seconds
Number of updated asset objects reloaded before import = 0
Number of asset objects unloaded after import = 9
========================================================================
Received Import Request.
  Time since last request: 0.046289 seconds.
  path: Assets/SyntyStudios/PolygonAdventure/Models/Collision/SM_Env_Stream_Straight_01_Snow_Convex 1.asset
  artifactKey: Guid(62a723009944ec74085137d989d148fc) Importer(815301076,1909f56bfc062723c751e8b465ee728b)
Start importing Assets/SyntyStudios/PolygonAdventure/Models/Collision/SM_Env_Stream_Straight_01_Snow_Convex 1.asset using Guid(62a723009944ec74085137d989d148fc) Importer(815301076,1909f56bfc062723c751e8b465ee728b)  -> (artifact id: '6cdd31a050f5f9f8ef9673c1c8cb9175') in 0.044814 seconds
Number of updated asset objects reloaded before import = 0
Number of asset objects unloaded after import = 5
========================================================================
Received Import Request.
  Time since last request: 1.930677 seconds.
  path: Assets/SyntyStudios/PolygonAdventure/Models/Collision/SM_Bld_Fence_02_Convex 1.asset
  artifactKey: Guid(2d25ca549d50b984a99cf17c168ac395) Importer(815301076,1909f56bfc062723c751e8b465ee728b)
Start importing Assets/SyntyStudios/PolygonAdventure/Models/Collision/SM_Bld_Fence_02_Convex 1.asset using Guid(2d25ca549d50b984a99cf17c168ac395) Importer(815301076,1909f56bfc062723c751e8b465ee728b)  -> (artifact id: '4c6b7dda57ad6a98cb33c9655d3f2c20') in 0.032718 seconds
Number of updated asset objects reloaded before import = 0
Number of asset objects unloaded after import = 3
========================================================================
Received Import Request.
  Time since last request: 0.097261 seconds.
  path: Assets/SyntyStudios/PolygonKnights/Models/ConvexCollisions/SM_Bld_Rockwall_Archway_01_Convex 3.asset
  artifactKey: Guid(398cefa2861d83a4babc2073bad4c0a8) Importer(815301076,1909f56bfc062723c751e8b465ee728b)
Start importing Assets/SyntyStudios/PolygonKnights/Models/ConvexCollisions/SM_Bld_Rockwall_Archway_01_Convex 3.asset using Guid(398cefa2861d83a4babc2073bad4c0a8) Importer(815301076,1909f56bfc062723c751e8b465ee728b)  -> (artifact id: 'e024f484e63760ab8bd39213a82a2154') in 0.049545 seconds
Number of updated asset objects reloaded before import = 0
Number of asset objects unloaded after import = 5
========================================================================
Received Import Request.
  Time since last request: 0.000048 seconds.
  path: Assets/SyntyStudios/PolygonKnights/Models/ConvexCollisions/SM_Bld_Rockwall_Stairs_01_Snow_Convex.asset
  artifactKey: Guid(c0b1ffe3a61e50747a059184cf531933) Importer(815301076,1909f56bfc062723c751e8b465ee728b)
Start importing Assets/SyntyStudios/PolygonKnights/Models/ConvexCollisions/SM_Bld_Rockwall_Stairs_01_Snow_Convex.asset using Guid(c0b1ffe3a61e50747a059184cf531933) Importer(815301076,1909f56bfc062723c751e8b465ee728b)  -> (artifact id: '032d31bc1e31c1db501fa2bd8daddf06') in 0.009099 seconds
Number of updated asset objects reloaded before import = 0
Number of asset objects unloaded after import = 2
========================================================================
Received Import Request.
  Time since last request: 0.000077 seconds.
  path: Assets/SyntyStudios/PolygonKnights/Models/ConvexCollisions/SM_Bld_Rockwall_Straight_01_Snow_Convex.asset
  artifactKey: Guid(68aa948d4aab2ae46b11f0de2b2b61bf) Importer(815301076,1909f56bfc062723c751e8b465ee728b)
Start importing Assets/SyntyStudios/PolygonKnights/Models/ConvexCollisions/SM_Bld_Rockwall_Straight_01_Snow_Convex.asset using Guid(68aa948d4aab2ae46b11f0de2b2b61bf) Importer(815301076,1909f56bfc062723c751e8b465ee728b)  -> (artifact id: '4d05411f5fe13cfb27bb5e5fa2268322') in 0.017603 seconds
Number of updated asset objects reloaded before import = 0
Number of asset objects unloaded after import = 2
========================================================================
Received Import Request.
  Time since last request: 0.027758 seconds.
  path: Assets/SyntyStudios/PolygonAdventure/Models/Collision/SM_Bld_Stall_03_Convex 2.asset
  artifactKey: Guid(cddc7a78e3fda7c438445be347550aa5) Importer(815301076,1909f56bfc062723c751e8b465ee728b)
Start importing Assets/SyntyStudios/PolygonAdventure/Models/Collision/SM_Bld_Stall_03_Convex 2.asset using Guid(cddc7a78e3fda7c438445be347550aa5) Importer(815301076,1909f56bfc062723c751e8b465ee728b)  -> (artifact id: '44ed10f40fa4b971251cc64e788089eb') in 0.037536 seconds
Number of updated asset objects reloaded before import = 0
Number of asset objects unloaded after import = 3
========================================================================
Received Import Request.
  Time since last request: 0.000019 seconds.
  path: Assets/SyntyStudios/PolygonAdventure/Models/Collision/SM_Bld_Stall_Cover_03_Convex 1.asset
  artifactKey: Guid(8b479f1ca93758d4ea2d50880642722c) Importer(815301076,1909f56bfc062723c751e8b465ee728b)
Start importing Assets/SyntyStudios/PolygonAdventure/Models/Collision/SM_Bld_Stall_Cover_03_Convex 1.asset using Guid(8b479f1ca93758d4ea2d50880642722c) Importer(815301076,1909f56bfc062723c751e8b465ee728b)  -> (artifact id: '8f97378fb09fa009ac144aceeccd2dc0') in 0.036501 seconds
Number of updated asset objects reloaded before import = 0
Number of asset objects unloaded after import = 3
========================================================================
Received Import Request.
  Time since last request: 0.002872 seconds.
  path: Assets/SyntyStudios/PolygonAdventure/Models/Collision/SM_Bld_Stall_Cover_05_Convex.asset
  artifactKey: Guid(cb4879d7a6471094db751f1be11d4c40) Importer(815301076,1909f56bfc062723c751e8b465ee728b)
Start importing Assets/SyntyStudios/PolygonAdventure/Models/Collision/SM_Bld_Stall_Cover_05_Convex.asset using Guid(cb4879d7a6471094db751f1be11d4c40) Importer(815301076,1909f56bfc062723c751e8b465ee728b)  -> (artifact id: '9fa1b31921bd95b4bb63562827173df7') in 0.018170 seconds
Number of updated asset objects reloaded before import = 0
Number of asset objects unloaded after import = 2
========================================================================
Received Import Request.
  Time since last request: 0.518613 seconds.
  path: Assets/SyntyStudios/PolygonKnights/Models/ConvexCollisions/SM_Env_Canal_Bridge_01_Snow_Convex 5.asset
  artifactKey: Guid(da3267801c3c74144a0e388465edef19) Importer(815301076,1909f56bfc062723c751e8b465ee728b)
Start importing Assets/SyntyStudios/PolygonKnights/Models/ConvexCollisions/SM_Env_Canal_Bridge_01_Snow_Convex 5.asset using Guid(da3267801c3c74144a0e388465edef19) Importer(815301076,1909f56bfc062723c751e8b465ee728b)  -> (artifact id: 'e69e504d75908f0ff810270a42a0088d') in 0.039665 seconds
Number of updated asset objects reloaded before import = 0
Number of asset objects unloaded after import = 6
========================================================================
Received Import Request.
  Time since last request: 0.000014 seconds.
  path: Assets/SyntyStudios/PolygonAdventure/Models/Collision/SM_Env_Flower_01_Convex.asset
  artifactKey: Guid(43dcb3488a535544698be25572139d42) Importer(815301076,1909f56bfc062723c751e8b465ee728b)
Start importing Assets/SyntyStudios/PolygonAdventure/Models/Collision/SM_Env_Flower_01_Convex.asset using Guid(43dcb3488a535544698be25572139d42) Importer(815301076,1909f56bfc062723c751e8b465ee728b)  -> (artifact id: 'a7ac0f202e49e080c3f847b3b57ce79b') in 0.021038 seconds
Number of updated asset objects reloaded before import = 0
Number of asset objects unloaded after import = 2
========================================================================
Received Import Request.
  Time since last request: 0.000015 seconds.
  path: Assets/SyntyStudios/PolygonAdventure/Models/Collision/SM_Env_DirtMound_01_Snow_Convex.asset
  artifactKey: Guid(079627d9189263645b168a4046269199) Importer(815301076,1909f56bfc062723c751e8b465ee728b)
Start importing Assets/SyntyStudios/PolygonAdventure/Models/Collision/SM_Env_DirtMound_01_Snow_Convex.asset using Guid(079627d9189263645b168a4046269199) Importer(815301076,1909f56bfc062723c751e8b465ee728b)  -> (artifact id: 'cd73c7d2895399c4ecabff5f09e18568') in 0.020613 seconds
Number of updated asset objects reloaded before import = 0
Number of asset objects unloaded after import = 2
========================================================================
Received Import Request.
  Time since last request: 0.036744 seconds.
  path: Assets/SyntyStudios/PolygonAdventure/Models/Collision/SM_Env_Stream_Straight_02_Convex 6.asset
  artifactKey: Guid(3722a4702bfc964459b37c75ecf58439) Importer(815301076,1909f56bfc062723c751e8b465ee728b)
Start importing Assets/SyntyStudios/PolygonAdventure/Models/Collision/SM_Env_Stream_Straight_02_Convex 6.asset using Guid(3722a4702bfc964459b37c75ecf58439) Importer(815301076,1909f56bfc062723c751e8b465ee728b)  -> (artifact id: '4580825820c6af57b770f1e526f56666') in 0.045880 seconds
Number of updated asset objects reloaded before import = 0
Number of asset objects unloaded after import = 4
========================================================================
Received Import Request.
  Time since last request: 0.013950 seconds.
  path: Assets/SyntyStudios/PolygonAdventure/Models/Collision/SM_Env_Tree_08_Convex.asset
  artifactKey: Guid(24524483bc90b064994aa4ddaa810310) Importer(815301076,1909f56bfc062723c751e8b465ee728b)
Start importing Assets/SyntyStudios/PolygonAdventure/Models/Collision/SM_Env_Tree_08_Convex.asset using Guid(24524483bc90b064994aa4ddaa810310) Importer(815301076,1909f56bfc062723c751e8b465ee728b)  -> (artifact id: 'b3d6eedae350d8c2b900ca75b0c5016a') in 0.026177 seconds
Number of updated asset objects reloaded before import = 0
Number of asset objects unloaded after import = 2
========================================================================
Received Import Request.
  Time since last request: 0.000415 seconds.
  path: Assets/SyntyStudios/PolygonAdventure/Models/Collision/SM_Env_Tree_08_Snow_Convex 1.asset
  artifactKey: Guid(328d30758eae31042ad075a9a031b96f) Importer(815301076,1909f56bfc062723c751e8b465ee728b)
Start importing Assets/SyntyStudios/PolygonAdventure/Models/Collision/SM_Env_Tree_08_Snow_Convex 1.asset using Guid(328d30758eae31042ad075a9a031b96f) Importer(815301076,1909f56bfc062723c751e8b465ee728b)  -> (artifact id: '698fc39c87b83991e6ac37b1a36d10de') in 0.034672 seconds
Number of updated asset objects reloaded before import = 0
Number of asset objects unloaded after import = 3
========================================================================
Received Import Request.
  Time since last request: 0.046659 seconds.
  path: Assets/SyntyStudios/PolygonAdventure/Models/Collision/SM_Env_Tree_016_Convex.asset
  artifactKey: Guid(98650cc79f9d71b43980bf73bfe4ff8e) Importer(815301076,1909f56bfc062723c751e8b465ee728b)
Start importing Assets/SyntyStudios/PolygonAdventure/Models/Collision/SM_Env_Tree_016_Convex.asset using Guid(98650cc79f9d71b43980bf73bfe4ff8e) Importer(815301076,1909f56bfc062723c751e8b465ee728b)  -> (artifact id: '1a5ace90b48115f70ded7ab510036001') in 0.020475 seconds
Number of updated asset objects reloaded before import = 0
Number of asset objects unloaded after import = 2
========================================================================
Received Import Request.
  Time since last request: 0.045099 seconds.
  path: Assets/SyntyStudios/PolygonAdventure/Models/Collision/SM_Env_Tree_017_Snow_Convex 1.asset
  artifactKey: Guid(e157d25b163c4c84a962a9f400d38a25) Importer(815301076,1909f56bfc062723c751e8b465ee728b)
Start importing Assets/SyntyStudios/PolygonAdventure/Models/Collision/SM_Env_Tree_017_Snow_Convex 1.asset using Guid(e157d25b163c4c84a962a9f400d38a25) Importer(815301076,1909f56bfc062723c751e8b465ee728b)  -> (artifact id: 'cf2f74f452ceff8ef161af233156e58e') in 0.034881 seconds
Number of updated asset objects reloaded before import = 0
Number of asset objects unloaded after import = 3
========================================================================
Received Import Request.
  Time since last request: 0.425593 seconds.
  path: Assets/SyntyStudios/PolygonAdventure/Models/Collision/SM_Prop_Logpile_01_Convex.asset
  artifactKey: Guid(29e8513acb7db3842aadd1b08d3fd148) Importer(815301076,1909f56bfc062723c751e8b465ee728b)
Start importing Assets/SyntyStudios/PolygonAdventure/Models/Collision/SM_Prop_Logpile_01_Convex.asset using Guid(29e8513acb7db3842aadd1b08d3fd148) Importer(815301076,1909f56bfc062723c751e8b465ee728b)  -> (artifact id: 'aa17e327b676f9fe308ecc3958634332') in 0.023445 seconds
Number of updated asset objects reloaded before import = 0
Number of asset objects unloaded after import = 2
========================================================================
Received Import Request.
  Time since last request: 0.000505 seconds.
  path: Assets/SyntyStudios/PolygonAdventure/Models/Collision/SM_Prop_Meat_01_Convex 2.asset
  artifactKey: Guid(eb26e794a71b2e447858530f11115242) Importer(815301076,1909f56bfc062723c751e8b465ee728b)
Start importing Assets/SyntyStudios/PolygonAdventure/Models/Collision/SM_Prop_Meat_01_Convex 2.asset using Guid(eb26e794a71b2e447858530f11115242) Importer(815301076,1909f56bfc062723c751e8b465ee728b)  -> (artifact id: '5ac5efcae7a92481492b0a6178a605eb') in 0.025302 seconds
Number of updated asset objects reloaded before import = 0
Number of asset objects unloaded after import = 2
========================================================================
Received Import Request.
  Time since last request: 0.000077 seconds.
  path: Assets/SyntyStudios/PolygonAdventure/Models/Collision/SM_Prop_Meat_03_Convex 1.asset
  artifactKey: Guid(20f0e209277686440896cc05bf80a6e6) Importer(815301076,1909f56bfc062723c751e8b465ee728b)
Start importing Assets/SyntyStudios/PolygonAdventure/Models/Collision/SM_Prop_Meat_03_Convex 1.asset using Guid(20f0e209277686440896cc05bf80a6e6) Importer(815301076,1909f56bfc062723c751e8b465ee728b)  -> (artifact id: '5f8bb85cba21ba691ea2ef2063517d57') in 0.021885 seconds
Number of updated asset objects reloaded before import = 0
Number of asset objects unloaded after import = 2
========================================================================
Received Import Request.
  Time since last request: 0.001145 seconds.
  path: Assets/SyntyStudios/PolygonKnights/Models/ConvexCollisions/SM_Prop_Plinth_02_Snow_Convex.asset
  artifactKey: Guid(a9fec12ef901bde488eb74a0e4d82e7e) Importer(815301076,1909f56bfc062723c751e8b465ee728b)
Start importing Assets/SyntyStudios/PolygonKnights/Models/ConvexCollisions/SM_Prop_Plinth_02_Snow_Convex.asset using Guid(a9fec12ef901bde488eb74a0e4d82e7e) Importer(815301076,1909f56bfc062723c751e8b465ee728b)  -> (artifact id: '814d4f1e6ee8716adbc533a4025c6da8') in 0.017997 seconds
Number of updated asset objects reloaded before import = 0
Number of asset objects unloaded after import = 2
========================================================================
Received Import Request.
  Time since last request: 0.765669 seconds.
  path: Assets/SyntyStudios/PolygonAdventure/Models/Collision/SM_Wep_Sheild_03_Convex.asset
  artifactKey: Guid(120a30810eaae2e48ae0d922e3d7f4dc) Importer(815301076,1909f56bfc062723c751e8b465ee728b)
Start importing Assets/SyntyStudios/PolygonAdventure/Models/Collision/SM_Wep_Sheild_03_Convex.asset using Guid(120a30810eaae2e48ae0d922e3d7f4dc) Importer(815301076,1909f56bfc062723c751e8b465ee728b)  -> (artifact id: '2d8c7817c54c087b245e57db62b45310') in 0.016165 seconds
Number of updated asset objects reloaded before import = 0
Number of asset objects unloaded after import = 2
========================================================================
Received Import Request.
  Time since last request: 0.060343 seconds.
  path: Assets/SyntyStudios/PolygonAdventure/Models/Collision/SM_Env_TreePine_03_Snow_Convex 3.asset
  artifactKey: Guid(f6a744d40e6ff4d45b74bc36f008e363) Importer(815301076,1909f56bfc062723c751e8b465ee728b)
Start importing Assets/SyntyStudios/PolygonAdventure/Models/Collision/SM_Env_TreePine_03_Snow_Convex 3.asset using Guid(f6a744d40e6ff4d45b74bc36f008e363) Importer(815301076,1909f56bfc062723c751e8b465ee728b)  -> (artifact id: '2cafd6e8f785f526387c8c7531bef999') in 0.051913 seconds
Number of updated asset objects reloaded before import = 0
Number of asset objects unloaded after import = 4
========================================================================
Received Import Request.
  Time since last request: 0.000016 seconds.
  path: Assets/SyntyStudios/PolygonAdventure/Models/Collision/SM_Env_TreePine_03_Snow_Convex 4.asset
  artifactKey: Guid(24e540bad99e26b4fbdef8135bee4871) Importer(815301076,1909f56bfc062723c751e8b465ee728b)
Start importing Assets/SyntyStudios/PolygonAdventure/Models/Collision/SM_Env_TreePine_03_Snow_Convex 4.asset using Guid(24e540bad99e26b4fbdef8135bee4871) Importer(815301076,1909f56bfc062723c751e8b465ee728b)  -> (artifact id: '83a75c06fe82be3a665a92424c0c717d') in 0.049545 seconds
Number of updated asset objects reloaded before import = 0
Number of asset objects unloaded after import = 4
========================================================================
Received Import Request.
  Time since last request: 0.067012 seconds.
  path: Assets/SyntyStudios/PolygonKnights/Models/ConvexCollisions/SM_Bld_House_Window_04_Convex.asset
  artifactKey: Guid(9e064bcd7e93e014c926f9472a41a3fa) Importer(815301076,1909f56bfc062723c751e8b465ee728b)
Start importing Assets/SyntyStudios/PolygonKnights/Models/ConvexCollisions/SM_Bld_House_Window_04_Convex.asset using Guid(9e064bcd7e93e014c926f9472a41a3fa) Importer(815301076,1909f56bfc062723c751e8b465ee728b)  -> (artifact id: 'ea6821a27f4f4c94f2341e2bea74d2f1') in 0.020814 seconds
Number of updated asset objects reloaded before import = 0
Number of asset objects unloaded after import = 2
Editor requested this worker to shutdown with reason: Scaling down because of idle timeout
TcpMessagingSession - receive error: operation aborted. errorcode: 995, details: The I/O operation has been aborted because of either a thread exit or an application request.
AssetImportWorker is now disconnected from the server
Process exiting
Exiting without the bug reporter. Application will terminate with return code 0