Using pre-set license
Built from '2022.3/staging' branch; Version is '2022.3.28f1 (6bae5ce6b222) revision 7056988'; Using compiler version '192829333'; Build Type 'Release'
OS: 'Windows 11  (10.0.22631) 64bit Professional' Language: 'en' Physical Memory: 16085 MB
BatchMode: 1, IsHumanControllingUs: 0, StartBugReporterOnCrash: 0, Is64bit: 1, IsPro: 1

COMMAND LINE ARGUMENTS:
C:\2022.3.28f1\Editor\Unity.exe
-adb2
-batchMode
-noUpm
-name
AssetImportWorker8
-projectPath
C:/Repos/PurrfectForge1/PurrfectForgeGameStudios1
-logFile
Logs/AssetImportWorker8.log
-srvPort
59198
Successfully changed project path to: C:/Repos/PurrfectForge1/PurrfectForgeGameStudios1
C:/Repos/PurrfectForge1/PurrfectForgeGameStudios1
[UnityMemory] Configuration Parameters - Can be set up in boot.config
    "memorysetup-bucket-allocator-granularity=16"
    "memorysetup-bucket-allocator-bucket-count=8"
    "memorysetup-bucket-allocator-block-size=33554432"
    "memorysetup-bucket-allocator-block-count=8"
    "memorysetup-main-allocator-block-size=16777216"
    "memorysetup-thread-allocator-block-size=16777216"
    "memorysetup-gfx-main-allocator-block-size=16777216"
    "memorysetup-gfx-thread-allocator-block-size=16777216"
    "memorysetup-cache-allocator-block-size=4194304"
    "memorysetup-typetree-allocator-block-size=2097152"
    "memorysetup-profiler-bucket-allocator-granularity=16"
    "memorysetup-profiler-bucket-allocator-bucket-count=8"
    "memorysetup-profiler-bucket-allocator-block-size=33554432"
    "memorysetup-profiler-bucket-allocator-block-count=8"
    "memorysetup-profiler-allocator-block-size=16777216"
    "memorysetup-profiler-editor-allocator-block-size=1048576"
    "memorysetup-temp-allocator-size-main=16777216"
    "memorysetup-job-temp-allocator-block-size=2097152"
    "memorysetup-job-temp-allocator-block-size-background=1048576"
    "memorysetup-job-temp-allocator-reduction-small-platforms=262144"
    "memorysetup-allocator-temp-initial-block-size-main=262144"
    "memorysetup-allocator-temp-initial-block-size-worker=262144"
    "memorysetup-temp-allocator-size-background-worker=32768"
    "memorysetup-temp-allocator-size-job-worker=262144"
    "memorysetup-temp-allocator-size-preload-manager=33554432"
    "memorysetup-temp-allocator-size-nav-mesh-worker=65536"
    "memorysetup-temp-allocator-size-audio-worker=65536"
    "memorysetup-temp-allocator-size-cloud-worker=32768"
    "memorysetup-temp-allocator-size-gi-baking-worker=262144"
    "memorysetup-temp-allocator-size-gfx=262144"
Player connection [16924] Host "[IP] 192.168.12.195 [Port] 0 [Flags] 2 [Guid] 3407080758 [EditorId] 3407080758 [Version] 1048832 [Id] WindowsEditor(7,MSI) [Debug] 1 [PackageName] WindowsEditor [ProjectName] Editor" joined multi-casting on [225.0.0.222:54997]...

Player connection [16924] Host "[IP] 192.168.12.195 [Port] 0 [Flags] 2 [Guid] 3407080758 [EditorId] 3407080758 [Version] 1048832 [Id] WindowsEditor(7,MSI) [Debug] 1 [PackageName] WindowsEditor [ProjectName] Editor" joined alternative multi-casting on [225.0.0.222:34997]...

[Physics::Module] Initialized MultithreadedJobDispatcher with 23 workers.
Refreshing native plugins compatible for Editor in 5.25 ms, found 3 plugins.
Preloading 0 native plugins for Editor in 0.00 ms.
Initialize engine version: 2022.3.28f1 (6bae5ce6b222)
[Subsystems] Discovering subsystems at path C:/2022.3.28f1/Editor/Data/Resources/UnitySubsystems
[Subsystems] Discovering subsystems at path C:/Repos/PurrfectForge1/PurrfectForgeGameStudios1/Assets
GfxDevice: creating device client; threaded=0; jobified=0
Direct3D:
    Version:  Direct3D 11.0 [level 11.1]
    Renderer: NVIDIA GeForce RTX 4070 Laptop GPU (ID=0x2820)
    Vendor:   NVIDIA
    VRAM:     7948 MB
    Driver:   32.0.15.6070
Initialize mono
Mono path[0] = 'C:/2022.3.28f1/Editor/Data/Managed'
Mono path[1] = 'C:/2022.3.28f1/Editor/Data/MonoBleedingEdge/lib/mono/unityjit-win32'
Mono config path = 'C:/2022.3.28f1/Editor/Data/MonoBleedingEdge/etc'
Using monoOptions --debugger-agent=transport=dt_socket,embedding=1,server=y,suspend=n,address=127.0.0.1:56352
Begin MonoManager ReloadAssembly
Registering precompiled unity dll's ...
Register platform support module: C:/2022.3.28f1/Editor/Data/PlaybackEngines/WindowsStandaloneSupport/UnityEditor.WindowsStandalone.Extensions.dll
Registered in 0.002758 seconds.
- Loaded All Assemblies, in  0.231 seconds
Native extension for WindowsStandalone target not found
Mono: successfully reloaded assembly
- Finished resetting the current domain, in  0.188 seconds
Domain Reload Profiling: 418ms
	BeginReloadAssembly (72ms)
		ExecutionOrderSort (0ms)
		DisableScriptedObjects (0ms)
		BackupInstance (0ms)
		ReleaseScriptingObjects (0ms)
		CreateAndSetChildDomain (0ms)
	RebuildCommonClasses (21ms)
	RebuildNativeTypeToScriptingClass (7ms)
	initialDomainReloadingComplete (36ms)
	LoadAllAssembliesAndSetupDomain (94ms)
		LoadAssemblies (71ms)
		RebuildTransferFunctionScriptingTraits (0ms)
		AnalyzeDomain (92ms)
			TypeCache.Refresh (91ms)
				TypeCache.ScanAssembly (82ms)
			ScanForSourceGeneratedMonoScriptInfo (0ms)
			ResolveRequiredComponents (0ms)
	FinalizeReload (188ms)
		ReleaseScriptCaches (0ms)
		RebuildScriptCaches (0ms)
		SetupLoadedEditorAssemblies (148ms)
			LogAssemblyErrors (0ms)
			InitializePlatformSupportModulesInManaged (6ms)
			SetLoadedEditorAssemblies (6ms)
			RefreshPlugins (0ms)
			BeforeProcessingInitializeOnLoad (1ms)
			ProcessInitializeOnLoadAttributes (102ms)
			ProcessInitializeOnLoadMethodAttributes (33ms)
			AfterProcessingInitializeOnLoad (0ms)
			EditorAssembliesLoaded (0ms)
		ExecutionOrderSort2 (0ms)
		AwakeInstancesAfterBackupRestoration (0ms)
========================================================================
Worker process is ready to serve import requests
Begin MonoManager ReloadAssembly
- Loaded All Assemblies, in  0.438 seconds
Refreshing native plugins compatible for Editor in 2.08 ms, found 3 plugins.
Native extension for WindowsStandalone target not found
Package Manager log level set to [2]
[Package Manager] Server::EnsureServerProcessIsRunning -- launch failed, reason: Unity was launched with the -noUpm command-line argument
[Package Manager] UpmClient::Send -- Unable to send message (not connected to UPM process).
[Package Manager] Cannot connect to Unity Package Manager local server
Mono: successfully reloaded assembly
- Finished resetting the current domain, in  0.452 seconds
Domain Reload Profiling: 889ms
	BeginReloadAssembly (117ms)
		ExecutionOrderSort (0ms)
		DisableScriptedObjects (3ms)
		BackupInstance (0ms)
		ReleaseScriptingObjects (0ms)
		CreateAndSetChildDomain (14ms)
	RebuildCommonClasses (21ms)
	RebuildNativeTypeToScriptingClass (6ms)
	initialDomainReloadingComplete (25ms)
	LoadAllAssembliesAndSetupDomain (267ms)
		LoadAssemblies (217ms)
		RebuildTransferFunctionScriptingTraits (0ms)
		AnalyzeDomain (126ms)
			TypeCache.Refresh (105ms)
				TypeCache.ScanAssembly (95ms)
			ScanForSourceGeneratedMonoScriptInfo (11ms)
			ResolveRequiredComponents (9ms)
	FinalizeReload (453ms)
		ReleaseScriptCaches (0ms)
		RebuildScriptCaches (0ms)
		SetupLoadedEditorAssemblies (354ms)
			LogAssemblyErrors (0ms)
			InitializePlatformSupportModulesInManaged (4ms)
			SetLoadedEditorAssemblies (2ms)
			RefreshPlugins (0ms)
			BeforeProcessingInitializeOnLoad (40ms)
			ProcessInitializeOnLoadAttributes (290ms)
			ProcessInitializeOnLoadMethodAttributes (14ms)
			AfterProcessingInitializeOnLoad (4ms)
			EditorAssembliesLoaded (0ms)
		ExecutionOrderSort2 (0ms)
		AwakeInstancesAfterBackupRestoration (4ms)
Launched and connected shader compiler UnityShaderCompiler.exe after 0.04 seconds
Refreshing native plugins compatible for Editor in 4.14 ms, found 3 plugins.
Preloading 0 native plugins for Editor in 0.00 ms.
Unloading 3318 Unused Serialized files (Serialized files now loaded: 0)
Unloading 46 unused Assets / (131.2 KB). Loaded Objects now: 3804.
Memory consumption went from 149.6 MB to 149.5 MB.
Total: 3.701200 ms (FindLiveObjects: 0.255500 ms CreateObjectMapping: 0.217600 ms MarkObjects: 3.067800 ms  DeleteObjects: 0.159000 ms)

AssetImportParameters requested are different than current active one (requested -> active):
  custom:container-demuxer-ogg: 62fdf1f143b41e24485cea50d1cbac27 -> 
  custom:video-codec-MediaFoundation-h265: 746d11721c4dcdbdad8f713fa42b33f4 -> 
  custom:video-decoder-ogg-theora: a1e56fd34408186e4bbccfd4996cb3dc -> 
  custom:framework-win-MediaFoundation: 216162199b28c13a410421893ffa2e32 -> 
  custom:CustomObjectIndexerAttribute: 9a22284fe3817be447336de3de66b15e -> 
  custom:container-demuxer-webm: 4f35f7cbe854078d1ac9338744f61a02 -> 
  custom:container-muxer-webm: aa71ff27fc2769a1b78a27578f13a17b -> 
  custom:video-decoder-webm-vp8: 9c59270c3fd7afecdb556c50c9e8de78 -> 
  custom:SearchIndexIgnoredProperties: e643bd26f0fe6173181afceb89e7c659 -> 
  custom:AudioImporter_EditorPlatform: d09bf68614088b80899f8185d706f6e7 -> 
  custom:video-encoder-webm-vp8: eb34c28f22e8b96e1ab97ce403110664 -> 
  custom:audio-decoder-ogg-vorbis: bf7c407c2cedff20999df2af8eb42d56 -> 
  custom:audio-encoder-webm-vorbis: bf7c407c2cedff20999df2af8eb42d56 -> 
========================================================================
Received Import Request.
  Time since last request: 179750.649054 seconds.
  path: Assets/SyntyStudios/PolygonAdventure/Models/Collision/SM_Env_Hill_02_Convex 6.asset
  artifactKey: Guid(5e8b909dced8a1f4fa90f1988e46dc87) Importer(815301076,1909f56bfc062723c751e8b465ee728b)
Start importing Assets/SyntyStudios/PolygonAdventure/Models/Collision/SM_Env_Hill_02_Convex 6.asset using Guid(5e8b909dced8a1f4fa90f1988e46dc87) Importer(815301076,1909f56bfc062723c751e8b465ee728b)  -> (artifact id: 'd9fbb7e304ceee4f8511e70f788a829c') in 0.129495 seconds
Number of updated asset objects reloaded before import = 0
Number of asset objects unloaded after import = 5
========================================================================
Received Import Request.
  Time since last request: 0.376930 seconds.
  path: Assets/SyntyStudios/PolygonAdventure/Models/Collision/SM_Env_HillSnow_04_Convex 6.asset
  artifactKey: Guid(fa074c3c803d3ec46ad496ec671444d5) Importer(815301076,1909f56bfc062723c751e8b465ee728b)
Start importing Assets/SyntyStudios/PolygonAdventure/Models/Collision/SM_Env_HillSnow_04_Convex 6.asset using Guid(fa074c3c803d3ec46ad496ec671444d5) Importer(815301076,1909f56bfc062723c751e8b465ee728b)  -> (artifact id: '7f9596e4ba9ba3e0d5d4e6823567a90d') in 0.045998 seconds
Number of updated asset objects reloaded before import = 0
Number of asset objects unloaded after import = 5
========================================================================
Received Import Request.
  Time since last request: 0.005412 seconds.
  path: Assets/SyntyStudios/PolygonAdventure/Models/Collision/SM_Env_Stream_Straight_02_Convex 9.asset
  artifactKey: Guid(585eb0975eaa39249a876c8899bf4c20) Importer(815301076,1909f56bfc062723c751e8b465ee728b)
Start importing Assets/SyntyStudios/PolygonAdventure/Models/Collision/SM_Env_Stream_Straight_02_Convex 9.asset using Guid(585eb0975eaa39249a876c8899bf4c20) Importer(815301076,1909f56bfc062723c751e8b465ee728b)  -> (artifact id: '31e8b16e35440a87d75aa19cbfe2f020') in 0.042595 seconds
Number of updated asset objects reloaded before import = 0
Number of asset objects unloaded after import = 5
========================================================================
Received Import Request.
  Time since last request: 0.000599 seconds.
  path: Assets/SyntyStudios/PolygonAdventure/Models/Collision/SM_Env_Tree_08_Snow_Convex 2.asset
  artifactKey: Guid(5f933c844c0a95842b0c38364cc24e20) Importer(815301076,1909f56bfc062723c751e8b465ee728b)
Start importing Assets/SyntyStudios/PolygonAdventure/Models/Collision/SM_Env_Tree_08_Snow_Convex 2.asset using Guid(5f933c844c0a95842b0c38364cc24e20) Importer(815301076,1909f56bfc062723c751e8b465ee728b)  -> (artifact id: '3df766c8aa7b5334f70e8715b048f75b') in 0.041085 seconds
Number of updated asset objects reloaded before import = 0
Number of asset objects unloaded after import = 5
========================================================================
Received Import Request.
  Time since last request: 0.002054 seconds.
  path: Assets/SyntyStudios/PolygonAdventure/Models/Collision/SM_Env_Stream_Straight_02_Convex 12.asset
  artifactKey: Guid(87c01012c2e874c4b8705d605a7f27eb) Importer(815301076,1909f56bfc062723c751e8b465ee728b)
Start importing Assets/SyntyStudios/PolygonAdventure/Models/Collision/SM_Env_Stream_Straight_02_Convex 12.asset using Guid(87c01012c2e874c4b8705d605a7f27eb) Importer(815301076,1909f56bfc062723c751e8b465ee728b)  -> (artifact id: 'ceec91b01d8771fb9acc2f08da6755a8') in 0.056068 seconds
Number of updated asset objects reloaded before import = 0
Number of asset objects unloaded after import = 7
========================================================================
Received Import Request.
  Time since last request: 1.924304 seconds.
  path: Assets/SyntyStudios/PolygonAdventure/Models/Collision/SM_Bld_Fence_01_Convex 1.asset
  artifactKey: Guid(e6bc6bc354b68f74dbf9beb47905696f) Importer(815301076,1909f56bfc062723c751e8b465ee728b)
Start importing Assets/SyntyStudios/PolygonAdventure/Models/Collision/SM_Bld_Fence_01_Convex 1.asset using Guid(e6bc6bc354b68f74dbf9beb47905696f) Importer(815301076,1909f56bfc062723c751e8b465ee728b)  -> (artifact id: 'f51ba0593b324efb6e562abdcc78a632') in 0.033062 seconds
Number of updated asset objects reloaded before import = 0
Number of asset objects unloaded after import = 3
========================================================================
Received Import Request.
  Time since last request: 0.000167 seconds.
  path: Assets/SyntyStudios/PolygonAdventure/Models/Collision/SM_Bld_Fence_02_Snow_Convex 1.asset
  artifactKey: Guid(da017beccd6136b4f986e49d115df26f) Importer(815301076,1909f56bfc062723c751e8b465ee728b)
Start importing Assets/SyntyStudios/PolygonAdventure/Models/Collision/SM_Bld_Fence_02_Snow_Convex 1.asset using Guid(da017beccd6136b4f986e49d115df26f) Importer(815301076,1909f56bfc062723c751e8b465ee728b)  -> (artifact id: '018297ac708deed8033383655bdb9ebc') in 0.043861 seconds
Number of updated asset objects reloaded before import = 0
Number of asset objects unloaded after import = 3
========================================================================
Received Import Request.
  Time since last request: 0.054613 seconds.
  path: Assets/SyntyStudios/PolygonKnights/Models/ConvexCollisions/SM_Bld_House_Window_02_Convex.asset
  artifactKey: Guid(d50d4dff8b77e804b903c2d2cefc8c9d) Importer(815301076,1909f56bfc062723c751e8b465ee728b)
Start importing Assets/SyntyStudios/PolygonKnights/Models/ConvexCollisions/SM_Bld_House_Window_02_Convex.asset using Guid(d50d4dff8b77e804b903c2d2cefc8c9d) Importer(815301076,1909f56bfc062723c751e8b465ee728b)  -> (artifact id: '9516e3a8219260f781e51533d5b4ac0e') in 0.024451 seconds
Number of updated asset objects reloaded before import = 0
Number of asset objects unloaded after import = 2
========================================================================
Received Import Request.
  Time since last request: 0.002102 seconds.
  path: Assets/SyntyStudios/PolygonKnights/Models/ConvexCollisions/SM_Bld_Rockwall_StairArchway_01_Convex.asset
  artifactKey: Guid(bfef895b93b27b94e978f7507bac970b) Importer(815301076,1909f56bfc062723c751e8b465ee728b)
Start importing Assets/SyntyStudios/PolygonKnights/Models/ConvexCollisions/SM_Bld_Rockwall_StairArchway_01_Convex.asset using Guid(bfef895b93b27b94e978f7507bac970b) Importer(815301076,1909f56bfc062723c751e8b465ee728b)  -> (artifact id: 'c2d5e80cefb2851173148a401b535951') in 0.018366 seconds
Number of updated asset objects reloaded before import = 0
Number of asset objects unloaded after import = 2
========================================================================
Received Import Request.
  Time since last request: 0.000012 seconds.
  path: Assets/SyntyStudios/PolygonKnights/Models/ConvexCollisions/SM_Bld_Rockwall_StairArchway_01_Convex 3.asset
  artifactKey: Guid(0428867337540fa40976a90581d3bbfd) Importer(815301076,1909f56bfc062723c751e8b465ee728b)
Start importing Assets/SyntyStudios/PolygonKnights/Models/ConvexCollisions/SM_Bld_Rockwall_StairArchway_01_Convex 3.asset using Guid(0428867337540fa40976a90581d3bbfd) Importer(815301076,1909f56bfc062723c751e8b465ee728b)  -> (artifact id: '8e26e73341ee959341fed193f8f14614') in 0.040758 seconds
Number of updated asset objects reloaded before import = 0
Number of asset objects unloaded after import = 4
========================================================================
Received Import Request.
  Time since last request: 0.000015 seconds.
  path: Assets/SyntyStudios/PolygonKnights/Models/ConvexCollisions/SM_Bld_Rockwall_StairArchway_01_Snow_Convex.asset
  artifactKey: Guid(4f00e4e170a58294f8e44de1949a6a09) Importer(815301076,1909f56bfc062723c751e8b465ee728b)
Start importing Assets/SyntyStudios/PolygonKnights/Models/ConvexCollisions/SM_Bld_Rockwall_StairArchway_01_Snow_Convex.asset using Guid(4f00e4e170a58294f8e44de1949a6a09) Importer(815301076,1909f56bfc062723c751e8b465ee728b)  -> (artifact id: 'dd8fc343dd4a7d5f6c3c4a292fcefbaf') in 0.020192 seconds
Number of updated asset objects reloaded before import = 0
Number of asset objects unloaded after import = 2
========================================================================
Received Import Request.
  Time since last request: 0.001178 seconds.
  path: Assets/SyntyStudios/PolygonAdventure/Models/Collision/SM_Bld_Stall_02_Convex 2.asset
  artifactKey: Guid(e2cf7897ae25481479c19e437a8d74eb) Importer(815301076,1909f56bfc062723c751e8b465ee728b)
Start importing Assets/SyntyStudios/PolygonAdventure/Models/Collision/SM_Bld_Stall_02_Convex 2.asset using Guid(e2cf7897ae25481479c19e437a8d74eb) Importer(815301076,1909f56bfc062723c751e8b465ee728b)  -> (artifact id: '5093e6f6817e1f7a40d5e7f29deafd2f') in 0.039030 seconds
Number of updated asset objects reloaded before import = 0
Number of asset objects unloaded after import = 3
========================================================================
Received Import Request.
  Time since last request: 0.000014 seconds.
  path: Assets/SyntyStudios/PolygonAdventure/Models/Collision/SM_Bld_Stall_04_Convex.asset
  artifactKey: Guid(c45342522055dd642862ed11e7314eea) Importer(815301076,1909f56bfc062723c751e8b465ee728b)
Start importing Assets/SyntyStudios/PolygonAdventure/Models/Collision/SM_Bld_Stall_04_Convex.asset using Guid(c45342522055dd642862ed11e7314eea) Importer(815301076,1909f56bfc062723c751e8b465ee728b)  -> (artifact id: 'e6e225b3087341e0d2656d58ca089ea5') in 0.018271 seconds
Number of updated asset objects reloaded before import = 0
Number of asset objects unloaded after import = 2
========================================================================
Received Import Request.
  Time since last request: 0.000023 seconds.
  path: Assets/SyntyStudios/PolygonAdventure/Models/Collision/SM_Bld_Stall_Cover_02_Convex 1.asset
  artifactKey: Guid(95668d6bbc03d0b47ac925064a9b1d1b) Importer(815301076,1909f56bfc062723c751e8b465ee728b)
Start importing Assets/SyntyStudios/PolygonAdventure/Models/Collision/SM_Bld_Stall_Cover_02_Convex 1.asset using Guid(95668d6bbc03d0b47ac925064a9b1d1b) Importer(815301076,1909f56bfc062723c751e8b465ee728b)  -> (artifact id: 'a00c6162dcfd47fbd26882ae7b275361') in 0.042013 seconds
Number of updated asset objects reloaded before import = 0
Number of asset objects unloaded after import = 3
========================================================================
Received Import Request.
  Time since last request: 0.000202 seconds.
  path: Assets/SyntyStudios/PolygonKnights/Models/ConvexCollisions/SM_Bld_Tent_01_Convex.asset
  artifactKey: Guid(c3517239b82f2a94dacbfab28eedf6e0) Importer(815301076,1909f56bfc062723c751e8b465ee728b)
Start importing Assets/SyntyStudios/PolygonKnights/Models/ConvexCollisions/SM_Bld_Tent_01_Convex.asset using Guid(c3517239b82f2a94dacbfab28eedf6e0) Importer(815301076,1909f56bfc062723c751e8b465ee728b)  -> (artifact id: 'e9cadddc6d4c79b17dc7baec76c30043') in 0.016570 seconds
Number of updated asset objects reloaded before import = 0
Number of asset objects unloaded after import = 2
========================================================================
Received Import Request.
  Time since last request: 0.476920 seconds.
  path: Assets/SyntyStudios/PolygonKnights/Models/ConvexCollisions/SM_Env_Canal_02_Convex 1.asset
  artifactKey: Guid(6bbaa665372c10644ade08216d1b5bf6) Importer(815301076,1909f56bfc062723c751e8b465ee728b)
Start importing Assets/SyntyStudios/PolygonKnights/Models/ConvexCollisions/SM_Env_Canal_02_Convex 1.asset using Guid(6bbaa665372c10644ade08216d1b5bf6) Importer(815301076,1909f56bfc062723c751e8b465ee728b)  -> (artifact id: 'da895ef75647e80c210d2738e5d8f8d3') in 0.045616 seconds
Number of updated asset objects reloaded before import = 0
Number of asset objects unloaded after import = 5
========================================================================
Received Import Request.
  Time since last request: 0.000015 seconds.
  path: Assets/SyntyStudios/PolygonAdventure/Models/Collision/SM_Env_Cloud_07_Convex 1.asset
  artifactKey: Guid(5aeb7f7c75637a6499f3815784b0b24c) Importer(815301076,1909f56bfc062723c751e8b465ee728b)
Start importing Assets/SyntyStudios/PolygonAdventure/Models/Collision/SM_Env_Cloud_07_Convex 1.asset using Guid(5aeb7f7c75637a6499f3815784b0b24c) Importer(815301076,1909f56bfc062723c751e8b465ee728b)  -> (artifact id: '81db3d74e54673054acfba08f11c9133') in 0.021445 seconds
Number of updated asset objects reloaded before import = 0
Number of asset objects unloaded after import = 2
========================================================================
Received Import Request.
  Time since last request: 0.000014 seconds.
  path: Assets/SyntyStudios/PolygonAdventure/Models/Collision/SM_Env_Cloud_07_Convex.asset
  artifactKey: Guid(8a5e577f0e77cfb4f9320fde85e5d282) Importer(815301076,1909f56bfc062723c751e8b465ee728b)
Start importing Assets/SyntyStudios/PolygonAdventure/Models/Collision/SM_Env_Cloud_07_Convex.asset using Guid(8a5e577f0e77cfb4f9320fde85e5d282) Importer(815301076,1909f56bfc062723c751e8b465ee728b)  -> (artifact id: '2dac97c030953357f105a2f8915ae2f4') in 0.020188 seconds
Number of updated asset objects reloaded before import = 0
Number of asset objects unloaded after import = 2
========================================================================
Received Import Request.
  Time since last request: 0.000424 seconds.
  path: Assets/SyntyStudios/PolygonAdventure/Models/Collision/SM_Env_Flower_02_Convex 1.asset
  artifactKey: Guid(197726c6ce2420c49b57b5c8808c9ff5) Importer(815301076,1909f56bfc062723c751e8b465ee728b)
Start importing Assets/SyntyStudios/PolygonAdventure/Models/Collision/SM_Env_Flower_02_Convex 1.asset using Guid(197726c6ce2420c49b57b5c8808c9ff5) Importer(815301076,1909f56bfc062723c751e8b465ee728b)  -> (artifact id: '23ea75f80ebe5ccebff5a9d41b9c8cb2') in 0.016929 seconds
Number of updated asset objects reloaded before import = 0
Number of asset objects unloaded after import = 2
========================================================================
Received Import Request.
  Time since last request: 0.027789 seconds.
  path: Assets/SyntyStudios/PolygonAdventure/Models/Collision/SM_Env_Stream_Straight_02_Convex 3.asset
  artifactKey: Guid(046c89d8bd144d748a569597119c9d47) Importer(815301076,1909f56bfc062723c751e8b465ee728b)
Start importing Assets/SyntyStudios/PolygonAdventure/Models/Collision/SM_Env_Stream_Straight_02_Convex 3.asset using Guid(046c89d8bd144d748a569597119c9d47) Importer(815301076,1909f56bfc062723c751e8b465ee728b)  -> (artifact id: 'ff0a4c7c9df8f78dc72753b886ec50c1') in 0.025266 seconds
Number of updated asset objects reloaded before import = 0
Number of asset objects unloaded after import = 2
========================================================================
Received Import Request.
  Time since last request: 0.030381 seconds.
  path: Assets/SyntyStudios/PolygonAdventure/Models/Collision/SM_Env_Tree_07_Convex.asset
  artifactKey: Guid(aedd5872d46756c4fbea18ee3e798d3f) Importer(815301076,1909f56bfc062723c751e8b465ee728b)
Start importing Assets/SyntyStudios/PolygonAdventure/Models/Collision/SM_Env_Tree_07_Convex.asset using Guid(aedd5872d46756c4fbea18ee3e798d3f) Importer(815301076,1909f56bfc062723c751e8b465ee728b)  -> (artifact id: '51f0003db1f8c9554142634c65285ac0') in 0.021452 seconds
Number of updated asset objects reloaded before import = 0
Number of asset objects unloaded after import = 2
========================================================================
Received Import Request.
  Time since last request: 0.003088 seconds.
  path: Assets/SyntyStudios/PolygonAdventure/Models/Collision/SM_Env_Tree_08_Convex 1.asset
  artifactKey: Guid(fa92e1aab95966a418fd841a4fbb63c4) Importer(815301076,1909f56bfc062723c751e8b465ee728b)
Start importing Assets/SyntyStudios/PolygonAdventure/Models/Collision/SM_Env_Tree_08_Convex 1.asset using Guid(fa92e1aab95966a418fd841a4fbb63c4) Importer(815301076,1909f56bfc062723c751e8b465ee728b)  -> (artifact id: '2272a6ce9dacb08ff39766db9e69e435') in 0.040320 seconds
Number of updated asset objects reloaded before import = 0
Number of asset objects unloaded after import = 3
========================================================================
Received Import Request.
  Time since last request: 0.000015 seconds.
  path: Assets/SyntyStudios/PolygonAdventure/Models/Collision/SM_Env_Tree_09_Convex 2.asset
  artifactKey: Guid(671b04d3df7ff0e429b72c31f381fdca) Importer(815301076,1909f56bfc062723c751e8b465ee728b)
Start importing Assets/SyntyStudios/PolygonAdventure/Models/Collision/SM_Env_Tree_09_Convex 2.asset using Guid(671b04d3df7ff0e429b72c31f381fdca) Importer(815301076,1909f56bfc062723c751e8b465ee728b)  -> (artifact id: '0cb1457df6998675dbfcdb23f1e90a4f') in 0.040185 seconds
Number of updated asset objects reloaded before import = 0
Number of asset objects unloaded after import = 4
========================================================================
Received Import Request.
  Time since last request: 0.006810 seconds.
  path: Assets/SyntyStudios/PolygonAdventure/Models/Collision/SM_Env_Tree_015_Convex 1.asset
  artifactKey: Guid(8b40a25da5cc6a841bc96e77ae952f9f) Importer(815301076,1909f56bfc062723c751e8b465ee728b)
Start importing Assets/SyntyStudios/PolygonAdventure/Models/Collision/SM_Env_Tree_015_Convex 1.asset using Guid(8b40a25da5cc6a841bc96e77ae952f9f) Importer(815301076,1909f56bfc062723c751e8b465ee728b)  -> (artifact id: '7e9fcf0810e38ad4396749fe179d0cad') in 0.046521 seconds
Number of updated asset objects reloaded before import = 0
Number of asset objects unloaded after import = 3
========================================================================
Received Import Request.
  Time since last request: 0.008994 seconds.
  path: Assets/SyntyStudios/PolygonAdventure/Models/Collision/SM_Env_Tree_016_Snow_Convex.asset
  artifactKey: Guid(a7022a0fea26d69438ee561bec56e28e) Importer(815301076,1909f56bfc062723c751e8b465ee728b)
Start importing Assets/SyntyStudios/PolygonAdventure/Models/Collision/SM_Env_Tree_016_Snow_Convex.asset using Guid(a7022a0fea26d69438ee561bec56e28e) Importer(815301076,1909f56bfc062723c751e8b465ee728b)  -> (artifact id: 'c9fee4c79431afaa61dcee0fab128861') in 0.018653 seconds
Number of updated asset objects reloaded before import = 0
Number of asset objects unloaded after import = 2
========================================================================
Received Import Request.
  Time since last request: 0.001391 seconds.
  path: Assets/SyntyStudios/PolygonAdventure/Models/Collision/SM_Env_Tree_017_Snow_Convex.asset
  artifactKey: Guid(b90fa9876d7fbb54d950affa53d90b9b) Importer(815301076,1909f56bfc062723c751e8b465ee728b)
Start importing Assets/SyntyStudios/PolygonAdventure/Models/Collision/SM_Env_Tree_017_Snow_Convex.asset using Guid(b90fa9876d7fbb54d950affa53d90b9b) Importer(815301076,1909f56bfc062723c751e8b465ee728b)  -> (artifact id: '7054246761dfa32b677a477af63d1555') in 0.016247 seconds
Number of updated asset objects reloaded before import = 0
Number of asset objects unloaded after import = 2
========================================================================
Received Import Request.
  Time since last request: 0.028405 seconds.
  path: Assets/SyntyStudios/PolygonKnights/Models/ConvexCollisions/SM_Env_Tree_Twisted_01_Convex 1.asset
  artifactKey: Guid(e1d6113e337caff4ab3fba65d8ac04b4) Importer(815301076,1909f56bfc062723c751e8b465ee728b)
Start importing Assets/SyntyStudios/PolygonKnights/Models/ConvexCollisions/SM_Env_Tree_Twisted_01_Convex 1.asset using Guid(e1d6113e337caff4ab3fba65d8ac04b4) Importer(815301076,1909f56bfc062723c751e8b465ee728b)  -> (artifact id: '24ee9724e7c6b54c2aabecdff2e204f0') in 0.041353 seconds
Number of updated asset objects reloaded before import = 0
Number of asset objects unloaded after import = 5
========================================================================
Received Import Request.
  Time since last request: 0.271674 seconds.
  path: Assets/SyntyStudios/PolygonKnights/Models/ConvexCollisions/SM_Env_Tree_Twisted_01_Snow_Convex 1.asset
  artifactKey: Guid(4af1210effff90145bb381c7ca5f7c6e) Importer(815301076,1909f56bfc062723c751e8b465ee728b)
Start importing Assets/SyntyStudios/PolygonKnights/Models/ConvexCollisions/SM_Env_Tree_Twisted_01_Snow_Convex 1.asset using Guid(4af1210effff90145bb381c7ca5f7c6e) Importer(815301076,1909f56bfc062723c751e8b465ee728b)  -> (artifact id: '65495e19aae9b5f2a5c5e8a219201d52') in 0.031147 seconds
Number of updated asset objects reloaded before import = 0
Number of asset objects unloaded after import = 5
========================================================================
Received Import Request.
  Time since last request: 0.011840 seconds.
  path: Assets/SyntyStudios/PolygonAdventure/Models/Collision/SM_Env_TreeDead_01_Convex 1.asset
  artifactKey: Guid(a3eefe22ba8ad0641a0a946c873c87c8) Importer(815301076,1909f56bfc062723c751e8b465ee728b)
Start importing Assets/SyntyStudios/PolygonAdventure/Models/Collision/SM_Env_TreeDead_01_Convex 1.asset using Guid(a3eefe22ba8ad0641a0a946c873c87c8) Importer(815301076,1909f56bfc062723c751e8b465ee728b)  -> (artifact id: '06908b6778e5ebf05398589278a8f471') in 0.043067 seconds
Number of updated asset objects reloaded before import = 0
Number of asset objects unloaded after import = 4
========================================================================
Received Import Request.
  Time since last request: 0.004572 seconds.
  path: Assets/SyntyStudios/PolygonAdventure/Models/Collision/SM_Prop_Loghalf_02_Convex.asset
  artifactKey: Guid(5628459949dc5654ebe982926da5c8f7) Importer(815301076,1909f56bfc062723c751e8b465ee728b)
Start importing Assets/SyntyStudios/PolygonAdventure/Models/Collision/SM_Prop_Loghalf_02_Convex.asset using Guid(5628459949dc5654ebe982926da5c8f7) Importer(815301076,1909f56bfc062723c751e8b465ee728b)  -> (artifact id: '704aeb3282008c834f073737a6ed0104') in 0.018585 seconds
Number of updated asset objects reloaded before import = 0
Number of asset objects unloaded after import = 2
========================================================================
Received Import Request.
  Time since last request: 0.005400 seconds.
  path: Assets/SyntyStudios/PolygonAdventure/Models/Collision/SM_Prop_Logpile_01_Convex 2.asset
  artifactKey: Guid(590cf6a6e761b814d88bbd21b41ad714) Importer(815301076,1909f56bfc062723c751e8b465ee728b)
Start importing Assets/SyntyStudios/PolygonAdventure/Models/Collision/SM_Prop_Logpile_01_Convex 2.asset using Guid(590cf6a6e761b814d88bbd21b41ad714) Importer(815301076,1909f56bfc062723c751e8b465ee728b)  -> (artifact id: 'e00a7115ba59b92f529ba016ba88204d') in 0.027144 seconds
Number of updated asset objects reloaded before import = 0
Number of asset objects unloaded after import = 2
========================================================================
Received Import Request.
  Time since last request: 0.000044 seconds.
  path: Assets/SyntyStudios/PolygonAdventure/Models/Collision/SM_Prop_Meat_02_Convex.asset
  artifactKey: Guid(1bb9efb329d1f3844bc830051416f1c8) Importer(815301076,1909f56bfc062723c751e8b465ee728b)
Start importing Assets/SyntyStudios/PolygonAdventure/Models/Collision/SM_Prop_Meat_02_Convex.asset using Guid(1bb9efb329d1f3844bc830051416f1c8) Importer(815301076,1909f56bfc062723c751e8b465ee728b)  -> (artifact id: '38360c5e8ed3df366b11ccb0c1c702f2') in 0.022109 seconds
Number of updated asset objects reloaded before import = 0
Number of asset objects unloaded after import = 2
========================================================================
Received Import Request.
  Time since last request: 0.000013 seconds.
  path: Assets/SyntyStudios/PolygonKnights/Models/ConvexCollisions/SM_Prop_Plinth_01_Convex.asset
  artifactKey: Guid(4a4fc18c5ca9b4a428d621a2bb32322e) Importer(815301076,1909f56bfc062723c751e8b465ee728b)
Start importing Assets/SyntyStudios/PolygonKnights/Models/ConvexCollisions/SM_Prop_Plinth_01_Convex.asset using Guid(4a4fc18c5ca9b4a428d621a2bb32322e) Importer(815301076,1909f56bfc062723c751e8b465ee728b)  -> (artifact id: '9f0c645a534f79659687e35a4e505be6') in 0.019295 seconds
Number of updated asset objects reloaded before import = 0
Number of asset objects unloaded after import = 2
========================================================================
Received Import Request.
  Time since last request: 0.004805 seconds.
  path: Assets/SyntyStudios/PolygonAdventure/Models/Collision/SM_Prop_Pot_01_Convex 1.asset
  artifactKey: Guid(24917fa35b40024469201f383e4b88c2) Importer(815301076,1909f56bfc062723c751e8b465ee728b)
Start importing Assets/SyntyStudios/PolygonAdventure/Models/Collision/SM_Prop_Pot_01_Convex 1.asset using Guid(24917fa35b40024469201f383e4b88c2) Importer(815301076,1909f56bfc062723c751e8b465ee728b)  -> (artifact id: '73aa6514cd442605b34c832403574771') in 0.033063 seconds
Number of updated asset objects reloaded before import = 0
Number of asset objects unloaded after import = 3
========================================================================
Received Import Request.
  Time since last request: 0.011103 seconds.
  path: Assets/SyntyStudios/PolygonKnights/Models/ConvexCollisions/SM_Wep_Shield_01_Convex.asset
  artifactKey: Guid(61648e37945673d409113b8982cef0bd) Importer(815301076,1909f56bfc062723c751e8b465ee728b)
Start importing Assets/SyntyStudios/PolygonKnights/Models/ConvexCollisions/SM_Wep_Shield_01_Convex.asset using Guid(61648e37945673d409113b8982cef0bd) Importer(815301076,1909f56bfc062723c751e8b465ee728b)  -> (artifact id: '2797a3d509d3bc1c2a66562099ff8b63') in 0.026046 seconds
Number of updated asset objects reloaded before import = 0
Number of asset objects unloaded after import = 2
========================================================================
Received Import Request.
  Time since last request: 0.681840 seconds.
  path: Assets/SyntyStudios/PolygonAdventure/Models/Collision/SM_Wep_Sheild_01_Convex 2.asset
  artifactKey: Guid(c8b1c9ddd82158c4ab47303f7df3e197) Importer(815301076,1909f56bfc062723c751e8b465ee728b)
Start importing Assets/SyntyStudios/PolygonAdventure/Models/Collision/SM_Wep_Sheild_01_Convex 2.asset using Guid(c8b1c9ddd82158c4ab47303f7df3e197) Importer(815301076,1909f56bfc062723c751e8b465ee728b)  -> (artifact id: '4f9fc77aabccc7dfe8c97221f6b20a7c') in 0.036363 seconds
Number of updated asset objects reloaded before import = 0
Number of asset objects unloaded after import = 3
========================================================================
Received Import Request.
  Time since last request: 0.045130 seconds.
  path: Assets/SyntyStudios/PolygonAdventure/Models/Collision/SM_Env_TreePine_03_Snow_Convex.asset
  artifactKey: Guid(2cf8aa3e56385cf47b0286951c728bd3) Importer(815301076,1909f56bfc062723c751e8b465ee728b)
Start importing Assets/SyntyStudios/PolygonAdventure/Models/Collision/SM_Env_TreePine_03_Snow_Convex.asset using Guid(2cf8aa3e56385cf47b0286951c728bd3) Importer(815301076,1909f56bfc062723c751e8b465ee728b)  -> (artifact id: '857053a1dbed366b7d3d4817f573116d') in 0.038924 seconds
Number of updated asset objects reloaded before import = 0
Number of asset objects unloaded after import = 2
========================================================================
Received Import Request.
  Time since last request: 0.000054 seconds.
  path: Assets/SyntyStudios/PolygonAdventure/Models/Collision/SM_Env_TreePine_04_Convex 1.asset
  artifactKey: Guid(5aec7c9e84e6d9341ae63d824a831e08) Importer(815301076,1909f56bfc062723c751e8b465ee728b)
Start importing Assets/SyntyStudios/PolygonAdventure/Models/Collision/SM_Env_TreePine_04_Convex 1.asset using Guid(5aec7c9e84e6d9341ae63d824a831e08) Importer(815301076,1909f56bfc062723c751e8b465ee728b)  -> (artifact id: 'dceee3d2b98f278a697c8bbf334e8255') in 0.040858 seconds
Number of updated asset objects reloaded before import = 0
Number of asset objects unloaded after import = 3
========================================================================
Received Import Request.
  Time since last request: 0.000036 seconds.
  path: Assets/SyntyStudios/PolygonAdventure/Models/Collision/SM_Item_Fruit_02_Convex.asset
  artifactKey: Guid(71afb9abd7199a446944f6f11b5dee2b) Importer(815301076,1909f56bfc062723c751e8b465ee728b)
Start importing Assets/SyntyStudios/PolygonAdventure/Models/Collision/SM_Item_Fruit_02_Convex.asset using Guid(71afb9abd7199a446944f6f11b5dee2b) Importer(815301076,1909f56bfc062723c751e8b465ee728b)  -> (artifact id: '7b8b49be56ce70622414e4ccb1d2c319') in 0.018882 seconds
Number of updated asset objects reloaded before import = 0
Number of asset objects unloaded after import = 2
========================================================================
Received Import Request.
  Time since last request: 0.011845 seconds.
  path: Assets/SyntyStudios/PolygonAdventure/Models/Collision/SM_Env_Flower_04_Convex 1.asset
  artifactKey: Guid(b0455fe90b68d0142967c4c8922c270b) Importer(815301076,1909f56bfc062723c751e8b465ee728b)
Start importing Assets/SyntyStudios/PolygonAdventure/Models/Collision/SM_Env_Flower_04_Convex 1.asset using Guid(b0455fe90b68d0142967c4c8922c270b) Importer(815301076,1909f56bfc062723c751e8b465ee728b)  -> (artifact id: 'f0845c802f9df139d1ed40316d62c882') in 0.012856 seconds
Number of updated asset objects reloaded before import = 0
Number of asset objects unloaded after import = 2
========================================================================
Received Import Request.
  Time since last request: 0.001501 seconds.
  path: Assets/SyntyStudios/PolygonAdventure/Models/Collision/SM_Env_Flower_06_Convex.asset
  artifactKey: Guid(6bfc2b11b6f02014c86f937f6c0a4d49) Importer(815301076,1909f56bfc062723c751e8b465ee728b)
Start importing Assets/SyntyStudios/PolygonAdventure/Models/Collision/SM_Env_Flower_06_Convex.asset using Guid(6bfc2b11b6f02014c86f937f6c0a4d49) Importer(815301076,1909f56bfc062723c751e8b465ee728b)  -> (artifact id: '259ecdcc809f26c103fedee8a3b7051b') in 0.024940 seconds
Number of updated asset objects reloaded before import = 0
Number of asset objects unloaded after import = 2
========================================================================
Received Import Request.
  Time since last request: 0.019865 seconds.
  path: Assets/SyntyStudios/PolygonKnights/Models/ConvexCollisions/SM_Bld_House_Window_03_Convex.asset
  artifactKey: Guid(927d324931c94e547ad5e93c830b24b6) Importer(815301076,1909f56bfc062723c751e8b465ee728b)
Start importing Assets/SyntyStudios/PolygonKnights/Models/ConvexCollisions/SM_Bld_House_Window_03_Convex.asset using Guid(927d324931c94e547ad5e93c830b24b6) Importer(815301076,1909f56bfc062723c751e8b465ee728b)  -> (artifact id: '72bab5958e7416e9f5f36b8bc3037dee') in 0.022353 seconds
Number of updated asset objects reloaded before import = 0
Number of asset objects unloaded after import = 2
========================================================================
Received Import Request.
  Time since last request: 0.000016 seconds.
  path: Assets/SyntyStudios/PolygonKnights/Models/ConvexCollisions/SM_Bld_House_Window_05_Convex.asset
  artifactKey: Guid(f2bacf2f6de57234d8590e8cf628e4cf) Importer(815301076,1909f56bfc062723c751e8b465ee728b)
Start importing Assets/SyntyStudios/PolygonKnights/Models/ConvexCollisions/SM_Bld_House_Window_05_Convex.asset using Guid(f2bacf2f6de57234d8590e8cf628e4cf) Importer(815301076,1909f56bfc062723c751e8b465ee728b)  -> (artifact id: 'dcb57d347ebf96bcf3285244e68887c1') in 0.016472 seconds
Number of updated asset objects reloaded before import = 0
Number of asset objects unloaded after import = 2
Editor requested this worker to shutdown with reason: Scaling down because of idle timeout
TcpMessagingSession - receive error: operation aborted. errorcode: 995, details: The I/O operation has been aborted because of either a thread exit or an application request.
AssetImportWorker is now disconnected from the server
Process exiting
Exiting without the bug reporter. Application will terminate with return code 0