Using pre-set license
Built from '2022.3/staging' branch; Version is '2022.3.28f1 (6bae5ce6b222) revision 7056988'; Using compiler version '192829333'; Build Type 'Release'
OS: 'Windows 11  (10.0.22631) 64bit Professional' Language: 'en' Physical Memory: 16085 MB
BatchMode: 1, IsHumanControllingUs: 0, StartBugReporterOnCrash: 0, Is64bit: 1, IsPro: 1

COMMAND LINE ARGUMENTS:
C:\2022.3.28f1\Editor\Unity.exe
-adb2
-batchMode
-noUpm
-name
AssetImportWorker11
-projectPath
C:/Repos/PurrfectForge1/PurrfectForgeGameStudios1
-logFile
Logs/AssetImportWorker11.log
-srvPort
59198
Successfully changed project path to: C:/Repos/PurrfectForge1/PurrfectForgeGameStudios1
C:/Repos/PurrfectForge1/PurrfectForgeGameStudios1
[UnityMemory] Configuration Parameters - Can be set up in boot.config
    "memorysetup-bucket-allocator-granularity=16"
    "memorysetup-bucket-allocator-bucket-count=8"
    "memorysetup-bucket-allocator-block-size=33554432"
    "memorysetup-bucket-allocator-block-count=8"
    "memorysetup-main-allocator-block-size=16777216"
    "memorysetup-thread-allocator-block-size=16777216"
    "memorysetup-gfx-main-allocator-block-size=16777216"
    "memorysetup-gfx-thread-allocator-block-size=16777216"
    "memorysetup-cache-allocator-block-size=4194304"
    "memorysetup-typetree-allocator-block-size=2097152"
    "memorysetup-profiler-bucket-allocator-granularity=16"
    "memorysetup-profiler-bucket-allocator-bucket-count=8"
    "memorysetup-profiler-bucket-allocator-block-size=33554432"
    "memorysetup-profiler-bucket-allocator-block-count=8"
    "memorysetup-profiler-allocator-block-size=16777216"
    "memorysetup-profiler-editor-allocator-block-size=1048576"
    "memorysetup-temp-allocator-size-main=16777216"
    "memorysetup-job-temp-allocator-block-size=2097152"
    "memorysetup-job-temp-allocator-block-size-background=1048576"
    "memorysetup-job-temp-allocator-reduction-small-platforms=262144"
    "memorysetup-allocator-temp-initial-block-size-main=262144"
    "memorysetup-allocator-temp-initial-block-size-worker=262144"
    "memorysetup-temp-allocator-size-background-worker=32768"
    "memorysetup-temp-allocator-size-job-worker=262144"
    "memorysetup-temp-allocator-size-preload-manager=33554432"
    "memorysetup-temp-allocator-size-nav-mesh-worker=65536"
    "memorysetup-temp-allocator-size-audio-worker=65536"
    "memorysetup-temp-allocator-size-cloud-worker=32768"
    "memorysetup-temp-allocator-size-gi-baking-worker=262144"
    "memorysetup-temp-allocator-size-gfx=262144"
Player connection [27808] Host "[IP] 192.168.12.195 [Port] 0 [Flags] 2 [Guid] 2305982896 [EditorId] 2305982896 [Version] 1048832 [Id] WindowsEditor(7,MSI) [Debug] 1 [PackageName] WindowsEditor [ProjectName] Editor" joined multi-casting on [225.0.0.222:54997]...

Player connection [27808] Host "[IP] 192.168.12.195 [Port] 0 [Flags] 2 [Guid] 2305982896 [EditorId] 2305982896 [Version] 1048832 [Id] WindowsEditor(7,MSI) [Debug] 1 [PackageName] WindowsEditor [ProjectName] Editor" joined alternative multi-casting on [225.0.0.222:34997]...

[Physics::Module] Initialized MultithreadedJobDispatcher with 23 workers.
Refreshing native plugins compatible for Editor in 7.18 ms, found 3 plugins.
Preloading 0 native plugins for Editor in 0.00 ms.
Initialize engine version: 2022.3.28f1 (6bae5ce6b222)
[Subsystems] Discovering subsystems at path C:/2022.3.28f1/Editor/Data/Resources/UnitySubsystems
[Subsystems] Discovering subsystems at path C:/Repos/PurrfectForge1/PurrfectForgeGameStudios1/Assets
GfxDevice: creating device client; threaded=0; jobified=0
Direct3D:
    Version:  Direct3D 11.0 [level 11.1]
    Renderer: NVIDIA GeForce RTX 4070 Laptop GPU (ID=0x2820)
    Vendor:   NVIDIA
    VRAM:     7948 MB
    Driver:   32.0.15.6070
Initialize mono
Mono path[0] = 'C:/2022.3.28f1/Editor/Data/Managed'
Mono path[1] = 'C:/2022.3.28f1/Editor/Data/MonoBleedingEdge/lib/mono/unityjit-win32'
Mono config path = 'C:/2022.3.28f1/Editor/Data/MonoBleedingEdge/etc'
Using monoOptions --debugger-agent=transport=dt_socket,embedding=1,server=y,suspend=n,address=127.0.0.1:56752
Begin MonoManager ReloadAssembly
Registering precompiled unity dll's ...
Register platform support module: C:/2022.3.28f1/Editor/Data/PlaybackEngines/WindowsStandaloneSupport/UnityEditor.WindowsStandalone.Extensions.dll
Registered in 0.002909 seconds.
- Loaded All Assemblies, in  0.228 seconds
Native extension for WindowsStandalone target not found
Mono: successfully reloaded assembly
- Finished resetting the current domain, in  0.184 seconds
Domain Reload Profiling: 411ms
	BeginReloadAssembly (73ms)
		ExecutionOrderSort (0ms)
		DisableScriptedObjects (0ms)
		BackupInstance (0ms)
		ReleaseScriptingObjects (0ms)
		CreateAndSetChildDomain (1ms)
	RebuildCommonClasses (21ms)
	RebuildNativeTypeToScriptingClass (7ms)
	initialDomainReloadingComplete (36ms)
	LoadAllAssembliesAndSetupDomain (89ms)
		LoadAssemblies (71ms)
		RebuildTransferFunctionScriptingTraits (0ms)
		AnalyzeDomain (88ms)
			TypeCache.Refresh (87ms)
				TypeCache.ScanAssembly (78ms)
			ScanForSourceGeneratedMonoScriptInfo (0ms)
			ResolveRequiredComponents (0ms)
	FinalizeReload (184ms)
		ReleaseScriptCaches (0ms)
		RebuildScriptCaches (0ms)
		SetupLoadedEditorAssemblies (144ms)
			LogAssemblyErrors (0ms)
			InitializePlatformSupportModulesInManaged (6ms)
			SetLoadedEditorAssemblies (5ms)
			RefreshPlugins (0ms)
			BeforeProcessingInitializeOnLoad (2ms)
			ProcessInitializeOnLoadAttributes (98ms)
			ProcessInitializeOnLoadMethodAttributes (32ms)
			AfterProcessingInitializeOnLoad (0ms)
			EditorAssembliesLoaded (0ms)
		ExecutionOrderSort2 (0ms)
		AwakeInstancesAfterBackupRestoration (0ms)
========================================================================
Worker process is ready to serve import requests
Begin MonoManager ReloadAssembly
- Loaded All Assemblies, in  0.422 seconds
Refreshing native plugins compatible for Editor in 2.37 ms, found 3 plugins.
Native extension for WindowsStandalone target not found
Package Manager log level set to [2]
[Package Manager] Server::EnsureServerProcessIsRunning -- launch failed, reason: Unity was launched with the -noUpm command-line argument
[Package Manager] UpmClient::Send -- Unable to send message (not connected to UPM process).
[Package Manager] Cannot connect to Unity Package Manager local server
Mono: successfully reloaded assembly
- Finished resetting the current domain, in  0.431 seconds
Domain Reload Profiling: 852ms
	BeginReloadAssembly (97ms)
		ExecutionOrderSort (0ms)
		DisableScriptedObjects (3ms)
		BackupInstance (0ms)
		ReleaseScriptingObjects (0ms)
		CreateAndSetChildDomain (14ms)
	RebuildCommonClasses (21ms)
	RebuildNativeTypeToScriptingClass (8ms)
	initialDomainReloadingComplete (29ms)
	LoadAllAssembliesAndSetupDomain (267ms)
		LoadAssemblies (201ms)
		RebuildTransferFunctionScriptingTraits (0ms)
		AnalyzeDomain (122ms)
			TypeCache.Refresh (105ms)
				TypeCache.ScanAssembly (95ms)
			ScanForSourceGeneratedMonoScriptInfo (12ms)
			ResolveRequiredComponents (4ms)
	FinalizeReload (432ms)
		ReleaseScriptCaches (0ms)
		RebuildScriptCaches (0ms)
		SetupLoadedEditorAssemblies (329ms)
			LogAssemblyErrors (0ms)
			InitializePlatformSupportModulesInManaged (3ms)
			SetLoadedEditorAssemblies (2ms)
			RefreshPlugins (0ms)
			BeforeProcessingInitializeOnLoad (42ms)
			ProcessInitializeOnLoadAttributes (261ms)
			ProcessInitializeOnLoadMethodAttributes (17ms)
			AfterProcessingInitializeOnLoad (4ms)
			EditorAssembliesLoaded (0ms)
		ExecutionOrderSort2 (0ms)
		AwakeInstancesAfterBackupRestoration (5ms)
Launched and connected shader compiler UnityShaderCompiler.exe after 0.04 seconds
Refreshing native plugins compatible for Editor in 3.92 ms, found 3 plugins.
Preloading 0 native plugins for Editor in 0.00 ms.
Unloading 3318 Unused Serialized files (Serialized files now loaded: 0)
Unloading 46 unused Assets / (131.1 KB). Loaded Objects now: 3804.
Memory consumption went from 149.5 MB to 149.4 MB.
Total: 2.693900 ms (FindLiveObjects: 0.184100 ms CreateObjectMapping: 0.075100 ms MarkObjects: 2.244500 ms  DeleteObjects: 0.189200 ms)

AssetImportParameters requested are different than current active one (requested -> active):
  custom:container-demuxer-ogg: 62fdf1f143b41e24485cea50d1cbac27 -> 
  custom:video-codec-MediaFoundation-h265: 746d11721c4dcdbdad8f713fa42b33f4 -> 
  custom:video-decoder-ogg-theora: a1e56fd34408186e4bbccfd4996cb3dc -> 
  custom:framework-win-MediaFoundation: 216162199b28c13a410421893ffa2e32 -> 
  custom:CustomObjectIndexerAttribute: 9a22284fe3817be447336de3de66b15e -> 
  custom:container-demuxer-webm: 4f35f7cbe854078d1ac9338744f61a02 -> 
  custom:container-muxer-webm: aa71ff27fc2769a1b78a27578f13a17b -> 
  custom:video-decoder-webm-vp8: 9c59270c3fd7afecdb556c50c9e8de78 -> 
  custom:SearchIndexIgnoredProperties: e643bd26f0fe6173181afceb89e7c659 -> 
  custom:AudioImporter_EditorPlatform: d09bf68614088b80899f8185d706f6e7 -> 
  custom:video-encoder-webm-vp8: eb34c28f22e8b96e1ab97ce403110664 -> 
  custom:audio-decoder-ogg-vorbis: bf7c407c2cedff20999df2af8eb42d56 -> 
  custom:audio-encoder-webm-vorbis: bf7c407c2cedff20999df2af8eb42d56 -> 
========================================================================
Received Import Request.
  Time since last request: 180080.618617 seconds.
  path: Assets/SyntyStudios/PolygonNature/Materials/LODS/PolygonNature_Tree_Dead_Trunk_LOD_01.mat
  artifactKey: Guid(126b33b9d4057424082c1451d564f3d7) Importer(815301076,1909f56bfc062723c751e8b465ee728b)
Start importing Assets/SyntyStudios/PolygonNature/Materials/LODS/PolygonNature_Tree_Dead_Trunk_LOD_01.mat using Guid(126b33b9d4057424082c1451d564f3d7) Importer(815301076,1909f56bfc062723c751e8b465ee728b)  -> (artifact id: '306f34d40642862ee9c76114f7dfa564') in 0.130312 seconds
Number of updated asset objects reloaded before import = 0
Number of asset objects unloaded after import = 2
========================================================================
Received Import Request.
  Time since last request: 0.735219 seconds.
  path: Assets/SyntyStudios/PolygonNature/Materials/LODS/PolygonNature_Leaves_Willow_LOD_01.mat
  artifactKey: Guid(14d2b6e1919e77f4ea7542a3967748e6) Importer(815301076,1909f56bfc062723c751e8b465ee728b)
Start importing Assets/SyntyStudios/PolygonNature/Materials/LODS/PolygonNature_Leaves_Willow_LOD_01.mat using Guid(14d2b6e1919e77f4ea7542a3967748e6) Importer(815301076,1909f56bfc062723c751e8b465ee728b)  -> (artifact id: '4ae136f651bc8540149df17bcbab1f93') in 0.050688 seconds
Number of updated asset objects reloaded before import = 0
Number of asset objects unloaded after import = 4
========================================================================
Received Import Request.
  Time since last request: 0.003336 seconds.
  path: Assets/SyntyStudios/PolygonNature/Materials/LODS/PolygonNature_Leaves_Pine_LOD_01.mat
  artifactKey: Guid(32a7d9275f65e894c84e0dcdcf05e4e0) Importer(815301076,1909f56bfc062723c751e8b465ee728b)
Start importing Assets/SyntyStudios/PolygonNature/Materials/LODS/PolygonNature_Leaves_Pine_LOD_01.mat using Guid(32a7d9275f65e894c84e0dcdcf05e4e0) Importer(815301076,1909f56bfc062723c751e8b465ee728b)  -> (artifact id: 'c2b7d50d68b388c7d2dd0641fc1adc6a') in 0.058831 seconds
Number of updated asset objects reloaded before import = 0
Number of asset objects unloaded after import = 3
========================================================================
Received Import Request.
  Time since last request: 0.052411 seconds.
  path: Assets/SyntyStudios/PolygonNature/Materials/LODS/Alternates/PolygonNature_Leaves_Base_LOD_01_Brown.mat
  artifactKey: Guid(eb86d083461737c4d93d11021d69ba5c) Importer(815301076,1909f56bfc062723c751e8b465ee728b)
Start importing Assets/SyntyStudios/PolygonNature/Materials/LODS/Alternates/PolygonNature_Leaves_Base_LOD_01_Brown.mat using Guid(eb86d083461737c4d93d11021d69ba5c) Importer(815301076,1909f56bfc062723c751e8b465ee728b)  -> (artifact id: 'ea717ea0d513b461280844626095c799') in 0.012157 seconds
Number of updated asset objects reloaded before import = 0
Number of asset objects unloaded after import = 4
========================================================================
Received Import Request.
  Time since last request: 0.003986 seconds.
  path: Assets/SyntyStudios/PolygonNature/Materials/LODS/PolygonNature_Leaves_FlowerBush_LOD_01.mat
  artifactKey: Guid(91f2824d3df1dfa48b0d20f0c8818c6c) Importer(815301076,1909f56bfc062723c751e8b465ee728b)
Start importing Assets/SyntyStudios/PolygonNature/Materials/LODS/PolygonNature_Leaves_FlowerBush_LOD_01.mat using Guid(91f2824d3df1dfa48b0d20f0c8818c6c) Importer(815301076,1909f56bfc062723c751e8b465ee728b)  -> (artifact id: 'd51aefaa35f109c427c25ae8a37a2550') in 0.019520 seconds
Number of updated asset objects reloaded before import = 0
Number of asset objects unloaded after import = 2
========================================================================
Received Import Request.
  Time since last request: 0.352195 seconds.
  path: Assets/SyntyStudios/PolygonNature/Materials/LODS/PolygonNature_Leaves_Base_LOD_01.mat
  artifactKey: Guid(d782eb9dd0e7bf149bcc879a4da28434) Importer(815301076,1909f56bfc062723c751e8b465ee728b)
Start importing Assets/SyntyStudios/PolygonNature/Materials/LODS/PolygonNature_Leaves_Base_LOD_01.mat using Guid(d782eb9dd0e7bf149bcc879a4da28434) Importer(815301076,1909f56bfc062723c751e8b465ee728b)  -> (artifact id: '01e35a404ad90d850f3cb53b1734518e') in 0.028342 seconds
Number of updated asset objects reloaded before import = 0
Number of asset objects unloaded after import = 4
========================================================================
Received Import Request.
  Time since last request: 6.734905 seconds.
  path: Assets/TextMesh Pro/Resources/Fonts & Materials/LiberationSans SDF - Fallback.asset
  artifactKey: Guid(2e498d1c8094910479dc3e1b768306a4) Importer(815301076,1909f56bfc062723c751e8b465ee728b)
Start importing Assets/TextMesh Pro/Resources/Fonts & Materials/LiberationSans SDF - Fallback.asset using Guid(2e498d1c8094910479dc3e1b768306a4) Importer(815301076,1909f56bfc062723c751e8b465ee728b)  -> (artifact id: '6d17d2c002a89671596384c6371b8735') in 0.060414 seconds
Number of updated asset objects reloaded before import = 0
Number of asset objects unloaded after import = 6
========================================================================
Received Import Request.
  Time since last request: 0.191560 seconds.
  path: Assets/SyntyStudios/PolygonParticleFX/Materials/PolygonParticleFX_VertexLitBlended_Dark.mat
  artifactKey: Guid(285b0791008c39844936e10062f85a3c) Importer(815301076,1909f56bfc062723c751e8b465ee728b)
Start importing Assets/SyntyStudios/PolygonParticleFX/Materials/PolygonParticleFX_VertexLitBlended_Dark.mat using Guid(285b0791008c39844936e10062f85a3c) Importer(815301076,1909f56bfc062723c751e8b465ee728b)  -> (artifact id: 'e5fa33daa304c3a5b9c9cdac6882f212') in 0.015622 seconds
Number of updated asset objects reloaded before import = 0
Number of asset objects unloaded after import = 1
========================================================================
Received Import Request.
  Time since last request: 0.000016 seconds.
  path: Assets/SyntyStudios/PolygonNature/Textures/Leaves/Materials/Undergrowth_Texture.mat
  artifactKey: Guid(32f9492adb47190418f650e0ad41302b) Importer(815301076,1909f56bfc062723c751e8b465ee728b)
Start importing Assets/SyntyStudios/PolygonNature/Textures/Leaves/Materials/Undergrowth_Texture.mat using Guid(32f9492adb47190418f650e0ad41302b) Importer(815301076,1909f56bfc062723c751e8b465ee728b)  -> (artifact id: '2935475379a82dbae18258364be92f9f') in 0.033680 seconds
Number of updated asset objects reloaded before import = 0
Number of asset objects unloaded after import = 2
========================================================================
Received Prepare
Begin MonoManager ReloadAssembly
- Loaded All Assemblies, in  0.320 seconds
Refreshing native plugins compatible for Editor in 3.14 ms, found 3 plugins.
Native extension for WindowsStandalone target not found
[Package Manager] Server::EnsureServerProcessIsRunning -- launch failed, reason: Unity was launched with the -noUpm command-line argument
[Package Manager] UpmClient::Send -- Unable to send message (not connected to UPM process).
[Package Manager] Cannot connect to Unity Package Manager local server
Mono: successfully reloaded assembly
- Finished resetting the current domain, in  0.632 seconds
Domain Reload Profiling: 951ms
	BeginReloadAssembly (121ms)
		ExecutionOrderSort (0ms)
		DisableScriptedObjects (3ms)
		BackupInstance (0ms)
		ReleaseScriptingObjects (0ms)
		CreateAndSetChildDomain (29ms)
	RebuildCommonClasses (22ms)
	RebuildNativeTypeToScriptingClass (7ms)
	initialDomainReloadingComplete (21ms)
	LoadAllAssembliesAndSetupDomain (147ms)
		LoadAssemblies (199ms)
		RebuildTransferFunctionScriptingTraits (0ms)
		AnalyzeDomain (11ms)
			TypeCache.Refresh (5ms)
				TypeCache.ScanAssembly (0ms)
			ScanForSourceGeneratedMonoScriptInfo (0ms)
			ResolveRequiredComponents (5ms)
	FinalizeReload (633ms)
		ReleaseScriptCaches (0ms)
		RebuildScriptCaches (0ms)
		SetupLoadedEditorAssemblies (295ms)
			LogAssemblyErrors (0ms)
			InitializePlatformSupportModulesInManaged (4ms)
			SetLoadedEditorAssemblies (2ms)
			RefreshPlugins (0ms)
			BeforeProcessingInitializeOnLoad (42ms)
			ProcessInitializeOnLoadAttributes (224ms)
			ProcessInitializeOnLoadMethodAttributes (17ms)
			AfterProcessingInitializeOnLoad (5ms)
			EditorAssembliesLoaded (0ms)
		ExecutionOrderSort2 (0ms)
		AwakeInstancesAfterBackupRestoration (6ms)
Refreshing native plugins compatible for Editor in 6.66 ms, found 3 plugins.
Preloading 0 native plugins for Editor in 0.00 ms.
Unloading 3290 Unused Serialized files (Serialized files now loaded: 0)
Unloading 25 unused Assets / (102.8 KB). Loaded Objects now: 3863.
Memory consumption went from 147.5 MB to 147.4 MB.
Total: 4.051100 ms (FindLiveObjects: 0.628300 ms CreateObjectMapping: 0.176600 ms MarkObjects: 3.151200 ms  DeleteObjects: 0.092800 ms)

Prepare: number of updated asset objects reloaded= 0
AssetImportParameters requested are different than current active one (requested -> active):
  custom:container-demuxer-ogg: 62fdf1f143b41e24485cea50d1cbac27 -> 
  custom:video-codec-MediaFoundation-h265: 746d11721c4dcdbdad8f713fa42b33f4 -> 
  custom:video-decoder-ogg-theora: a1e56fd34408186e4bbccfd4996cb3dc -> 
  custom:framework-win-MediaFoundation: 216162199b28c13a410421893ffa2e32 -> 
  custom:CustomObjectIndexerAttribute: 9a22284fe3817be447336de3de66b15e -> 
  custom:container-demuxer-webm: 4f35f7cbe854078d1ac9338744f61a02 -> 
  custom:container-muxer-webm: aa71ff27fc2769a1b78a27578f13a17b -> 
  custom:video-decoder-webm-vp8: 9c59270c3fd7afecdb556c50c9e8de78 -> 
  custom:SearchIndexIgnoredProperties: e643bd26f0fe6173181afceb89e7c659 -> 
  custom:AudioImporter_EditorPlatform: d09bf68614088b80899f8185d706f6e7 -> 
  custom:video-encoder-webm-vp8: eb34c28f22e8b96e1ab97ce403110664 -> 
  custom:audio-decoder-ogg-vorbis: bf7c407c2cedff20999df2af8eb42d56 -> 
  custom:audio-encoder-webm-vorbis: bf7c407c2cedff20999df2af8eb42d56 -> 
========================================================================
Received Prepare
Begin MonoManager ReloadAssembly
- Loaded All Assemblies, in  0.298 seconds
Refreshing native plugins compatible for Editor in 2.59 ms, found 3 plugins.
Native extension for WindowsStandalone target not found
[Package Manager] Server::EnsureServerProcessIsRunning -- launch failed, reason: Unity was launched with the -noUpm command-line argument
[Package Manager] UpmClient::Send -- Unable to send message (not connected to UPM process).
[Package Manager] Cannot connect to Unity Package Manager local server
Mono: successfully reloaded assembly
- Finished resetting the current domain, in  0.585 seconds
Domain Reload Profiling: 881ms
	BeginReloadAssembly (109ms)
		ExecutionOrderSort (0ms)
		DisableScriptedObjects (4ms)
		BackupInstance (0ms)
		ReleaseScriptingObjects (0ms)
		CreateAndSetChildDomain (23ms)
	RebuildCommonClasses (20ms)
	RebuildNativeTypeToScriptingClass (7ms)
	initialDomainReloadingComplete (19ms)
	LoadAllAssembliesAndSetupDomain (142ms)
		LoadAssemblies (187ms)
		RebuildTransferFunctionScriptingTraits (0ms)
		AnalyzeDomain (11ms)
			TypeCache.Refresh (5ms)
				TypeCache.ScanAssembly (0ms)
			ScanForSourceGeneratedMonoScriptInfo (0ms)
			ResolveRequiredComponents (4ms)
	FinalizeReload (585ms)
		ReleaseScriptCaches (0ms)
		RebuildScriptCaches (0ms)
		SetupLoadedEditorAssemblies (280ms)
			LogAssemblyErrors (0ms)
			InitializePlatformSupportModulesInManaged (4ms)
			SetLoadedEditorAssemblies (2ms)
			RefreshPlugins (0ms)
			BeforeProcessingInitializeOnLoad (39ms)
			ProcessInitializeOnLoadAttributes (216ms)
			ProcessInitializeOnLoadMethodAttributes (15ms)
			AfterProcessingInitializeOnLoad (4ms)
			EditorAssembliesLoaded (0ms)
		ExecutionOrderSort2 (0ms)
		AwakeInstancesAfterBackupRestoration (5ms)
Refreshing native plugins compatible for Editor in 3.87 ms, found 3 plugins.
Preloading 0 native plugins for Editor in 0.00 ms.
Unloading 3291 Unused Serialized files (Serialized files now loaded: 0)
Unloading 25 unused Assets / (103.0 KB). Loaded Objects now: 3878.
Memory consumption went from 147.8 MB to 147.7 MB.
Total: 2.682900 ms (FindLiveObjects: 0.197600 ms CreateObjectMapping: 0.083200 ms MarkObjects: 2.322700 ms  DeleteObjects: 0.078600 ms)

Prepare: number of updated asset objects reloaded= 0
AssetImportParameters requested are different than current active one (requested -> active):
  custom:container-demuxer-ogg: 62fdf1f143b41e24485cea50d1cbac27 -> 
  custom:video-codec-MediaFoundation-h265: 746d11721c4dcdbdad8f713fa42b33f4 -> 
  custom:video-decoder-ogg-theora: a1e56fd34408186e4bbccfd4996cb3dc -> 
  custom:framework-win-MediaFoundation: 216162199b28c13a410421893ffa2e32 -> 
  custom:CustomObjectIndexerAttribute: 9a22284fe3817be447336de3de66b15e -> 
  custom:container-demuxer-webm: 4f35f7cbe854078d1ac9338744f61a02 -> 
  custom:container-muxer-webm: aa71ff27fc2769a1b78a27578f13a17b -> 
  custom:video-decoder-webm-vp8: 9c59270c3fd7afecdb556c50c9e8de78 -> 
  custom:SearchIndexIgnoredProperties: e643bd26f0fe6173181afceb89e7c659 -> 
  custom:AudioImporter_EditorPlatform: d09bf68614088b80899f8185d706f6e7 -> 
  custom:video-encoder-webm-vp8: eb34c28f22e8b96e1ab97ce403110664 -> 
  custom:audio-decoder-ogg-vorbis: bf7c407c2cedff20999df2af8eb42d56 -> 
  custom:audio-encoder-webm-vorbis: bf7c407c2cedff20999df2af8eb42d56 -> 
========================================================================
Received Import Request.
  Time since last request: 111.018557 seconds.
  path: Assets/Resources/Prefabs/Backery.prefab
  artifactKey: Guid(065ec95df1204ff4bbd8c48c123d20f6) Importer(815301076,1909f56bfc062723c751e8b465ee728b)
Start importing Assets/Resources/Prefabs/Backery.prefab using Guid(065ec95df1204ff4bbd8c48c123d20f6) Importer(815301076,1909f56bfc062723c751e8b465ee728b)  -> (artifact id: '9bf569162c7adc05641095dcaabd924c') in 0.100824 seconds
Number of updated asset objects reloaded before import = 0
Number of asset objects unloaded after import = 326
========================================================================
Received Prepare
Begin MonoManager ReloadAssembly
- Loaded All Assemblies, in  0.299 seconds
Refreshing native plugins compatible for Editor in 1.99 ms, found 3 plugins.
Native extension for WindowsStandalone target not found
[Package Manager] Server::EnsureServerProcessIsRunning -- launch failed, reason: Unity was launched with the -noUpm command-line argument
[Package Manager] UpmClient::Send -- Unable to send message (not connected to UPM process).
[Package Manager] Cannot connect to Unity Package Manager local server
Mono: successfully reloaded assembly
- Finished resetting the current domain, in  0.564 seconds
Domain Reload Profiling: 862ms
	BeginReloadAssembly (112ms)
		ExecutionOrderSort (0ms)
		DisableScriptedObjects (4ms)
		BackupInstance (0ms)
		ReleaseScriptingObjects (0ms)
		CreateAndSetChildDomain (24ms)
	RebuildCommonClasses (20ms)
	RebuildNativeTypeToScriptingClass (7ms)
	initialDomainReloadingComplete (18ms)
	LoadAllAssembliesAndSetupDomain (140ms)
		LoadAssemblies (189ms)
		RebuildTransferFunctionScriptingTraits (0ms)
		AnalyzeDomain (11ms)
			TypeCache.Refresh (5ms)
				TypeCache.ScanAssembly (0ms)
			ScanForSourceGeneratedMonoScriptInfo (0ms)
			ResolveRequiredComponents (5ms)
	FinalizeReload (564ms)
		ReleaseScriptCaches (0ms)
		RebuildScriptCaches (0ms)
		SetupLoadedEditorAssemblies (272ms)
			LogAssemblyErrors (0ms)
			InitializePlatformSupportModulesInManaged (3ms)
			SetLoadedEditorAssemblies (2ms)
			RefreshPlugins (0ms)
			BeforeProcessingInitializeOnLoad (38ms)
			ProcessInitializeOnLoadAttributes (210ms)
			ProcessInitializeOnLoadMethodAttributes (14ms)
			AfterProcessingInitializeOnLoad (4ms)
			EditorAssembliesLoaded (0ms)
		ExecutionOrderSort2 (0ms)
		AwakeInstancesAfterBackupRestoration (4ms)
Refreshing native plugins compatible for Editor in 4.12 ms, found 3 plugins.
Preloading 0 native plugins for Editor in 0.00 ms.
Unloading 3290 Unused Serialized files (Serialized files now loaded: 0)
Unloading 25 unused Assets / (102.9 KB). Loaded Objects now: 3894.
Memory consumption went from 147.6 MB to 147.5 MB.
Total: 3.749500 ms (FindLiveObjects: 0.529200 ms CreateObjectMapping: 0.121300 ms MarkObjects: 3.026100 ms  DeleteObjects: 0.071600 ms)

Prepare: number of updated asset objects reloaded= 0
AssetImportParameters requested are different than current active one (requested -> active):
  custom:container-demuxer-ogg: 62fdf1f143b41e24485cea50d1cbac27 -> 
  custom:video-codec-MediaFoundation-h265: 746d11721c4dcdbdad8f713fa42b33f4 -> 
  custom:video-decoder-ogg-theora: a1e56fd34408186e4bbccfd4996cb3dc -> 
  custom:framework-win-MediaFoundation: 216162199b28c13a410421893ffa2e32 -> 
  custom:CustomObjectIndexerAttribute: 9a22284fe3817be447336de3de66b15e -> 
  custom:container-demuxer-webm: 4f35f7cbe854078d1ac9338744f61a02 -> 
  custom:container-muxer-webm: aa71ff27fc2769a1b78a27578f13a17b -> 
  custom:video-decoder-webm-vp8: 9c59270c3fd7afecdb556c50c9e8de78 -> 
  custom:SearchIndexIgnoredProperties: e643bd26f0fe6173181afceb89e7c659 -> 
  custom:AudioImporter_EditorPlatform: d09bf68614088b80899f8185d706f6e7 -> 
  custom:video-encoder-webm-vp8: eb34c28f22e8b96e1ab97ce403110664 -> 
  custom:audio-decoder-ogg-vorbis: bf7c407c2cedff20999df2af8eb42d56 -> 
  custom:audio-encoder-webm-vorbis: bf7c407c2cedff20999df2af8eb42d56 -> 
========================================================================
Received Import Request.
  Time since last request: 160.734197 seconds.
  path: Assets/SyntyStudios/PolygonParticleFX/Materials/PolygonParticleFX_Cutout_Round_Dark.mat
  artifactKey: Guid(819f0997b5a3d424bae37f31c7c24f28) Importer(815301076,1909f56bfc062723c751e8b465ee728b)
Start importing Assets/SyntyStudios/PolygonParticleFX/Materials/PolygonParticleFX_Cutout_Round_Dark.mat using Guid(819f0997b5a3d424bae37f31c7c24f28) Importer(815301076,1909f56bfc062723c751e8b465ee728b)  -> (artifact id: 'd5af8e01dbbf94aec1a84c4a0c4329c7') in 0.089738 seconds
Number of updated asset objects reloaded before import = 0
Number of asset objects unloaded after import = 2
========================================================================
Received Import Request.
  Time since last request: 0.000014 seconds.
  path: Assets/SyntyStudios/PolygonKnights/Materials/PolyKnights_Mat_Variation_02_Dark.mat
  artifactKey: Guid(03e2749ed3366a943a0b176f88f5cdf6) Importer(815301076,1909f56bfc062723c751e8b465ee728b)
Start importing Assets/SyntyStudios/PolygonKnights/Materials/PolyKnights_Mat_Variation_02_Dark.mat using Guid(03e2749ed3366a943a0b176f88f5cdf6) Importer(815301076,1909f56bfc062723c751e8b465ee728b)  -> (artifact id: '4e890d99420bb73ecea1eeb5c30e5846') in 0.039328 seconds
Number of updated asset objects reloaded before import = 0
Number of asset objects unloaded after import = 2
========================================================================
Received Import Request.
  Time since last request: 0.000015 seconds.
  path: Assets/SyntyStudios/PolygonKnights/Materials/PolyKnights_Mat_Variation_04_Dark.mat
  artifactKey: Guid(f9cb4bce489fa5341b4e11ec3d2f70fd) Importer(815301076,1909f56bfc062723c751e8b465ee728b)
Start importing Assets/SyntyStudios/PolygonKnights/Materials/PolyKnights_Mat_Variation_04_Dark.mat using Guid(f9cb4bce489fa5341b4e11ec3d2f70fd) Importer(815301076,1909f56bfc062723c751e8b465ee728b)  -> (artifact id: 'b4f0d3669e8521a87fac3fa731efc5f7') in 0.024580 seconds
Number of updated asset objects reloaded before import = 0
Number of asset objects unloaded after import = 2
========================================================================
Received Import Request.
  Time since last request: 89.151074 seconds.
  path: Assets/SyntyStudios/PolygonNature/Textures/Ground_Textures/Materials/Mud.mat
  artifactKey: Guid(7eb5290cec7e6ce4392c7415d7feff94) Importer(815301076,1909f56bfc062723c751e8b465ee728b)
Start importing Assets/SyntyStudios/PolygonNature/Textures/Ground_Textures/Materials/Mud.mat using Guid(7eb5290cec7e6ce4392c7415d7feff94) Importer(815301076,1909f56bfc062723c751e8b465ee728b)  -> (artifact id: 'c838ccf65b118be73567d24e12f0a5ec') in 0.030207 seconds
Number of updated asset objects reloaded before import = 0
Number of asset objects unloaded after import = 2
========================================================================
Received Import Request.
  Time since last request: 0.000272 seconds.
  path: Assets/SyntyStudios/PolygonNature/FX/FX_Models/Materials/pCube1Mat.mat
  artifactKey: Guid(9e2037b85d9c6b14482bac6ac7c51cc7) Importer(815301076,1909f56bfc062723c751e8b465ee728b)
Start importing Assets/SyntyStudios/PolygonNature/FX/FX_Models/Materials/pCube1Mat.mat using Guid(9e2037b85d9c6b14482bac6ac7c51cc7) Importer(815301076,1909f56bfc062723c751e8b465ee728b)  -> (artifact id: 'b026179f63d19a9330ae1e009e0dd2ee') in 0.016960 seconds
Number of updated asset objects reloaded before import = 0
Number of asset objects unloaded after import = 1
========================================================================
Received Import Request.
  Time since last request: 0.000054 seconds.
  path: Assets/SyntyStudios/PolygonNature/Textures/Ground_Textures/Materials/Pebbles.mat
  artifactKey: Guid(c35a8ce80effe9c42b540c917422fae3) Importer(815301076,1909f56bfc062723c751e8b465ee728b)
Start importing Assets/SyntyStudios/PolygonNature/Textures/Ground_Textures/Materials/Pebbles.mat using Guid(c35a8ce80effe9c42b540c917422fae3) Importer(815301076,1909f56bfc062723c751e8b465ee728b)  -> (artifact id: '3df89cf5cfb12518575f230a71f70b9a') in 0.034916 seconds
Number of updated asset objects reloaded before import = 0
Number of asset objects unloaded after import = 2
========================================================================
Received Import Request.
  Time since last request: 0.000017 seconds.
  path: Assets/CustomAssests/Materials/phong2.mat
  artifactKey: Guid(eba09ebd1a1f77347841921f35ca1179) Importer(815301076,1909f56bfc062723c751e8b465ee728b)
Start importing Assets/CustomAssests/Materials/phong2.mat using Guid(eba09ebd1a1f77347841921f35ca1179) Importer(815301076,1909f56bfc062723c751e8b465ee728b)  -> (artifact id: 'f2c23defd8c0a50b0aed9be142c43032') in 0.016819 seconds
Number of updated asset objects reloaded before import = 0
Number of asset objects unloaded after import = 1
========================================================================
Received Import Request.
  Time since last request: 0.000018 seconds.
  path: Assets/SyntyStudios/PolygonParticleFX/Materials/Materials/pCube1Mat.mat
  artifactKey: Guid(d44d0fb38bd8b274ba671fff9898e685) Importer(815301076,1909f56bfc062723c751e8b465ee728b)
Start importing Assets/SyntyStudios/PolygonParticleFX/Materials/Materials/pCube1Mat.mat using Guid(d44d0fb38bd8b274ba671fff9898e685) Importer(815301076,1909f56bfc062723c751e8b465ee728b)  -> (artifact id: '5ca8a8ea398755a008d77fa90e587108') in 0.021601 seconds
Number of updated asset objects reloaded before import = 0
Number of asset objects unloaded after import = 1
========================================================================
Received Import Request.
  Time since last request: 1.587699 seconds.
  path: Assets/SyntyStudios/PolygonNature/Materials/Leaves/PolygonNature_Leaves_Base_Brown.mat
  artifactKey: Guid(c565ec8004407544a89e542d65132d98) Importer(815301076,1909f56bfc062723c751e8b465ee728b)
Start importing Assets/SyntyStudios/PolygonNature/Materials/Leaves/PolygonNature_Leaves_Base_Brown.mat using Guid(c565ec8004407544a89e542d65132d98) Importer(815301076,1909f56bfc062723c751e8b465ee728b)  -> (artifact id: '3503b7c5b92df0e51b4442600353d655') in 0.013821 seconds
Number of updated asset objects reloaded before import = 0
Number of asset objects unloaded after import = 6
========================================================================
Received Import Request.
  Time since last request: 0.000016 seconds.
  path: Assets/SyntyStudios/PolygonNature/Materials/Leaves/PolygonNature_Leaves_Pine.mat
  artifactKey: Guid(feab95a1ad51daa4caeb40403608aa12) Importer(815301076,1909f56bfc062723c751e8b465ee728b)
Start importing Assets/SyntyStudios/PolygonNature/Materials/Leaves/PolygonNature_Leaves_Pine.mat using Guid(feab95a1ad51daa4caeb40403608aa12) Importer(815301076,1909f56bfc062723c751e8b465ee728b)  -> (artifact id: '8ab8228c6b8b73c11b3e83daa940cd0d') in 0.006270 seconds
Number of updated asset objects reloaded before import = 0
Number of asset objects unloaded after import = 5
========================================================================
Received Import Request.
  Time since last request: 0.000011 seconds.
  path: Assets/SyntyStudios/PolygonNature/Materials/Leaves/PolygonNature_Leaves_Pine_BrightGreen.mat
  artifactKey: Guid(4424e8793c8a6d640a2c3bb6cd22d1ed) Importer(815301076,1909f56bfc062723c751e8b465ee728b)
Start importing Assets/SyntyStudios/PolygonNature/Materials/Leaves/PolygonNature_Leaves_Pine_BrightGreen.mat using Guid(4424e8793c8a6d640a2c3bb6cd22d1ed) Importer(815301076,1909f56bfc062723c751e8b465ee728b)  -> (artifact id: '286ce63e7cb919c948639114943674db') in 0.018844 seconds
Number of updated asset objects reloaded before import = 0
Number of asset objects unloaded after import = 5
========================================================================
Received Import Request.
  Time since last request: 0.302480 seconds.
  path: Assets/Materials/HealthEssence.mat
  artifactKey: Guid(ad641d9d00bf020489d87a2c9aa02ba6) Importer(815301076,1909f56bfc062723c751e8b465ee728b)
Start importing Assets/Materials/HealthEssence.mat using Guid(ad641d9d00bf020489d87a2c9aa02ba6) Importer(815301076,1909f56bfc062723c751e8b465ee728b)  -> (artifact id: 'b8e5da9203ad2bccadeb4f7fd583c1de') in 0.035745 seconds
Number of updated asset objects reloaded before import = 0
Number of asset objects unloaded after import = 1
========================================================================
Received Prepare
Begin MonoManager ReloadAssembly
- Loaded All Assemblies, in  0.322 seconds
Refreshing native plugins compatible for Editor in 2.44 ms, found 3 plugins.
Native extension for WindowsStandalone target not found
[Package Manager] Server::EnsureServerProcessIsRunning -- launch failed, reason: Unity was launched with the -noUpm command-line argument
[Package Manager] UpmClient::Send -- Unable to send message (not connected to UPM process).
[Package Manager] Cannot connect to Unity Package Manager local server
Mono: successfully reloaded assembly
- Finished resetting the current domain, in  0.616 seconds
Domain Reload Profiling: 937ms
	BeginReloadAssembly (124ms)
		ExecutionOrderSort (0ms)
		DisableScriptedObjects (3ms)
		BackupInstance (0ms)
		ReleaseScriptingObjects (0ms)
		CreateAndSetChildDomain (29ms)
	RebuildCommonClasses (20ms)
	RebuildNativeTypeToScriptingClass (7ms)
	initialDomainReloadingComplete (20ms)
	LoadAllAssembliesAndSetupDomain (149ms)
		LoadAssemblies (204ms)
		RebuildTransferFunctionScriptingTraits (0ms)
		AnalyzeDomain (11ms)
			TypeCache.Refresh (4ms)
				TypeCache.ScanAssembly (0ms)
			ScanForSourceGeneratedMonoScriptInfo (0ms)
			ResolveRequiredComponents (5ms)
	FinalizeReload (617ms)
		ReleaseScriptCaches (0ms)
		RebuildScriptCaches (0ms)
		SetupLoadedEditorAssemblies (301ms)
			LogAssemblyErrors (0ms)
			InitializePlatformSupportModulesInManaged (4ms)
			SetLoadedEditorAssemblies (2ms)
			RefreshPlugins (0ms)
			BeforeProcessingInitializeOnLoad (47ms)
			ProcessInitializeOnLoadAttributes (229ms)
			ProcessInitializeOnLoadMethodAttributes (14ms)
			AfterProcessingInitializeOnLoad (4ms)
			EditorAssembliesLoaded (0ms)
		ExecutionOrderSort2 (0ms)
		AwakeInstancesAfterBackupRestoration (4ms)
Refreshing native plugins compatible for Editor in 3.72 ms, found 3 plugins.
Preloading 0 native plugins for Editor in 0.00 ms.
Unloading 3290 Unused Serialized files (Serialized files now loaded: 0)
Unloading 25 unused Assets / (102.8 KB). Loaded Objects now: 3909.
Memory consumption went from 147.6 MB to 147.5 MB.
Total: 3.280800 ms (FindLiveObjects: 0.338400 ms CreateObjectMapping: 0.122300 ms MarkObjects: 2.756900 ms  DeleteObjects: 0.062400 ms)

Prepare: number of updated asset objects reloaded= 0
AssetImportParameters requested are different than current active one (requested -> active):
  custom:container-demuxer-ogg: 62fdf1f143b41e24485cea50d1cbac27 -> 
  custom:video-codec-MediaFoundation-h265: 746d11721c4dcdbdad8f713fa42b33f4 -> 
  custom:video-decoder-ogg-theora: a1e56fd34408186e4bbccfd4996cb3dc -> 
  custom:framework-win-MediaFoundation: 216162199b28c13a410421893ffa2e32 -> 
  custom:CustomObjectIndexerAttribute: 9a22284fe3817be447336de3de66b15e -> 
  custom:container-demuxer-webm: 4f35f7cbe854078d1ac9338744f61a02 -> 
  custom:container-muxer-webm: aa71ff27fc2769a1b78a27578f13a17b -> 
  custom:video-decoder-webm-vp8: 9c59270c3fd7afecdb556c50c9e8de78 -> 
  custom:SearchIndexIgnoredProperties: e643bd26f0fe6173181afceb89e7c659 -> 
  custom:AudioImporter_EditorPlatform: d09bf68614088b80899f8185d706f6e7 -> 
  custom:video-encoder-webm-vp8: eb34c28f22e8b96e1ab97ce403110664 -> 
  custom:audio-decoder-ogg-vorbis: bf7c407c2cedff20999df2af8eb42d56 -> 
  custom:audio-encoder-webm-vorbis: bf7c407c2cedff20999df2af8eb42d56 -> 
========================================================================
Received Import Request.
  Time since last request: 99.902689 seconds.
  path: Assets/CustomAssests/PlaceHolderBush.fbx
  artifactKey: Guid(4da9bfc9a00bd594db28d6baf1ca831d) Importer(815301076,1909f56bfc062723c751e8b465ee728b)
Start importing Assets/CustomAssests/PlaceHolderBush.fbx using Guid(4da9bfc9a00bd594db28d6baf1ca831d) Importer(815301076,1909f56bfc062723c751e8b465ee728b)  -> (artifact id: '8f9c5364c7e726018f7be621389e456d') in 0.129384 seconds
Number of updated asset objects reloaded before import = 0
Number of asset objects unloaded after import = 110
========================================================================
Received Import Request.
  Time since last request: 21.993317 seconds.
  path: Assets/SyntyStudios/PolygonNature/Models/SM_Prop_Arrow_01.fbx
  artifactKey: Guid(6815955285e26714492f63ec061eb370) Importer(815301076,1909f56bfc062723c751e8b465ee728b)
Start importing Assets/SyntyStudios/PolygonNature/Models/SM_Prop_Arrow_01.fbx using Guid(6815955285e26714492f63ec061eb370) Importer(815301076,1909f56bfc062723c751e8b465ee728b)  -> (artifact id: 'c66360600ed52a8f46d7774b7203b634') in 0.032107 seconds
Number of updated asset objects reloaded before import = 0
Number of asset objects unloaded after import = 7
========================================================================
Received Import Request.
  Time since last request: 0.000185 seconds.
  path: Assets/SyntyStudios/PolygonAdventure/Models/SM_Prop_Barrel_02.fbx
  artifactKey: Guid(8e03f2dd1a56bcd48be59c84d9c229dd) Importer(815301076,1909f56bfc062723c751e8b465ee728b)
Start importing Assets/SyntyStudios/PolygonAdventure/Models/SM_Prop_Barrel_02.fbx using Guid(8e03f2dd1a56bcd48be59c84d9c229dd) Importer(815301076,1909f56bfc062723c751e8b465ee728b)  -> (artifact id: '6de1ff72a5afdc42a6ecf7e32e170b9b') in 0.046194 seconds
Number of updated asset objects reloaded before import = 0
Number of asset objects unloaded after import = 7
========================================================================
Received Import Request.
  Time since last request: 0.000171 seconds.
  path: Assets/SyntyStudios/PolygonAdventure/Models/Collision/SM_Prop_Barrel_02_Convex.asset
  artifactKey: Guid(676111a587e7ab7428949b1f4f3b0ecb) Importer(815301076,1909f56bfc062723c751e8b465ee728b)
Start importing Assets/SyntyStudios/PolygonAdventure/Models/Collision/SM_Prop_Barrel_02_Convex.asset using Guid(676111a587e7ab7428949b1f4f3b0ecb) Importer(815301076,1909f56bfc062723c751e8b465ee728b)  -> (artifact id: '92a27188a57a1d1107e0e65881fbb348') in 0.021075 seconds
Number of updated asset objects reloaded before import = 0
Number of asset objects unloaded after import = 2
========================================================================
Received Import Request.
  Time since last request: 0.000015 seconds.
  path: Assets/SyntyStudios/PolygonAdventure/Models/Collision/SM_Prop_Barrel_02_Convex 4.asset
  artifactKey: Guid(a420ee373d682974b8b6ac151f3fd475) Importer(815301076,1909f56bfc062723c751e8b465ee728b)
Start importing Assets/SyntyStudios/PolygonAdventure/Models/Collision/SM_Prop_Barrel_02_Convex 4.asset using Guid(a420ee373d682974b8b6ac151f3fd475) Importer(815301076,1909f56bfc062723c751e8b465ee728b)  -> (artifact id: 'df7dbb71941dd5570d9c4eef6943474a') in 0.015688 seconds
Number of updated asset objects reloaded before import = 0
Number of asset objects unloaded after import = 2
========================================================================
Received Import Request.
  Time since last request: 0.000016 seconds.
  path: Assets/SyntyStudios/PolygonAdventure/Models/Collision/SM_Prop_Barrel_01_Convex.asset
  artifactKey: Guid(4c2a7cd4bd4c9904ab748931c26207c6) Importer(815301076,1909f56bfc062723c751e8b465ee728b)
Start importing Assets/SyntyStudios/PolygonAdventure/Models/Collision/SM_Prop_Barrel_01_Convex.asset using Guid(4c2a7cd4bd4c9904ab748931c26207c6) Importer(815301076,1909f56bfc062723c751e8b465ee728b)  -> (artifact id: 'd5ca0bfd10494158be69783d77aaf751') in 0.019214 seconds
Number of updated asset objects reloaded before import = 0
Number of asset objects unloaded after import = 2
Editor requested this worker to shutdown with reason: Scaling down because of idle timeout
TcpMessagingSession - receive error: operation aborted. errorcode: 995, details: The I/O operation has been aborted because of either a thread exit or an application request.
AssetImportWorker is now disconnected from the server
Process exiting
Exiting without the bug reporter. Application will terminate with return code 0