Using pre-set license
Built from '2022.3/staging' branch; Version is '2022.3.28f1 (6bae5ce6b222) revision 7056988'; Using compiler version '192829333'; Build Type 'Release'
OS: 'Windows 11  (10.0.22631) 64bit Professional' Language: 'en' Physical Memory: 16085 MB
BatchMode: 1, IsHumanControllingUs: 0, StartBugReporterOnCrash: 0, Is64bit: 1, IsPro: 1

COMMAND LINE ARGUMENTS:
C:\2022.3.28f1\Editor\Unity.exe
-adb2
-batchMode
-noUpm
-name
AssetImportWorker4
-projectPath
C:/Repos/PurrfectForge1/PurrfectForgeGameStudios1
-logFile
Logs/AssetImportWorker4.log
-srvPort
58489
Successfully changed project path to: C:/Repos/PurrfectForge1/PurrfectForgeGameStudios1
C:/Repos/PurrfectForge1/PurrfectForgeGameStudios1
[UnityMemory] Configuration Parameters - Can be set up in boot.config
    "memorysetup-bucket-allocator-granularity=16"
    "memorysetup-bucket-allocator-bucket-count=8"
    "memorysetup-bucket-allocator-block-size=33554432"
    "memorysetup-bucket-allocator-block-count=8"
    "memorysetup-main-allocator-block-size=16777216"
    "memorysetup-thread-allocator-block-size=16777216"
    "memorysetup-gfx-main-allocator-block-size=16777216"
    "memorysetup-gfx-thread-allocator-block-size=16777216"
    "memorysetup-cache-allocator-block-size=4194304"
    "memorysetup-typetree-allocator-block-size=2097152"
    "memorysetup-profiler-bucket-allocator-granularity=16"
    "memorysetup-profiler-bucket-allocator-bucket-count=8"
    "memorysetup-profiler-bucket-allocator-block-size=33554432"
    "memorysetup-profiler-bucket-allocator-block-count=8"
    "memorysetup-profiler-allocator-block-size=16777216"
    "memorysetup-profiler-editor-allocator-block-size=1048576"
    "memorysetup-temp-allocator-size-main=16777216"
    "memorysetup-job-temp-allocator-block-size=2097152"
    "memorysetup-job-temp-allocator-block-size-background=1048576"
    "memorysetup-job-temp-allocator-reduction-small-platforms=262144"
    "memorysetup-allocator-temp-initial-block-size-main=262144"
    "memorysetup-allocator-temp-initial-block-size-worker=262144"
    "memorysetup-temp-allocator-size-background-worker=32768"
    "memorysetup-temp-allocator-size-job-worker=262144"
    "memorysetup-temp-allocator-size-preload-manager=33554432"
    "memorysetup-temp-allocator-size-nav-mesh-worker=65536"
    "memorysetup-temp-allocator-size-audio-worker=65536"
    "memorysetup-temp-allocator-size-cloud-worker=32768"
    "memorysetup-temp-allocator-size-gi-baking-worker=262144"
    "memorysetup-temp-allocator-size-gfx=262144"
Player connection [2624] Host "[IP] 192.168.12.195 [Port] 0 [Flags] 2 [Guid] 2687925948 [EditorId] 2687925948 [Version] 1048832 [Id] WindowsEditor(7,MSI) [Debug] 1 [PackageName] WindowsEditor [ProjectName] Editor" joined multi-casting on [225.0.0.222:54997]...

Player connection [2624] Host "[IP] 192.168.12.195 [Port] 0 [Flags] 2 [Guid] 2687925948 [EditorId] 2687925948 [Version] 1048832 [Id] WindowsEditor(7,MSI) [Debug] 1 [PackageName] WindowsEditor [ProjectName] Editor" joined alternative multi-casting on [225.0.0.222:34997]...

[Physics::Module] Initialized MultithreadedJobDispatcher with 23 workers.
Refreshing native plugins compatible for Editor in 6.38 ms, found 3 plugins.
Preloading 0 native plugins for Editor in 0.00 ms.
Initialize engine version: 2022.3.28f1 (6bae5ce6b222)
[Subsystems] Discovering subsystems at path C:/2022.3.28f1/Editor/Data/Resources/UnitySubsystems
[Subsystems] Discovering subsystems at path C:/Repos/PurrfectForge1/PurrfectForgeGameStudios1/Assets
GfxDevice: creating device client; threaded=0; jobified=0
Direct3D:
    Version:  Direct3D 11.0 [level 11.1]
    Renderer: NVIDIA GeForce RTX 4070 Laptop GPU (ID=0x2820)
    Vendor:   NVIDIA
    VRAM:     7948 MB
    Driver:   32.0.15.6070
Initialize mono
Mono path[0] = 'C:/2022.3.28f1/Editor/Data/Managed'
Mono path[1] = 'C:/2022.3.28f1/Editor/Data/MonoBleedingEdge/lib/mono/unityjit-win32'
Mono config path = 'C:/2022.3.28f1/Editor/Data/MonoBleedingEdge/etc'
Using monoOptions --debugger-agent=transport=dt_socket,embedding=1,server=y,suspend=n,address=127.0.0.1:56340
Begin MonoManager ReloadAssembly
Registering precompiled unity dll's ...
Register platform support module: C:/2022.3.28f1/Editor/Data/PlaybackEngines/WindowsStandaloneSupport/UnityEditor.WindowsStandalone.Extensions.dll
Registered in 0.002816 seconds.
- Loaded All Assemblies, in  0.236 seconds
Native extension for WindowsStandalone target not found
Mono: successfully reloaded assembly
- Finished resetting the current domain, in  0.183 seconds
Domain Reload Profiling: 418ms
	BeginReloadAssembly (81ms)
		ExecutionOrderSort (0ms)
		DisableScriptedObjects (0ms)
		BackupInstance (0ms)
		ReleaseScriptingObjects (0ms)
		CreateAndSetChildDomain (1ms)
	RebuildCommonClasses (21ms)
	RebuildNativeTypeToScriptingClass (7ms)
	initialDomainReloadingComplete (36ms)
	LoadAllAssembliesAndSetupDomain (90ms)
		LoadAssemblies (77ms)
		RebuildTransferFunctionScriptingTraits (0ms)
		AnalyzeDomain (89ms)
			TypeCache.Refresh (88ms)
				TypeCache.ScanAssembly (78ms)
			ScanForSourceGeneratedMonoScriptInfo (0ms)
			ResolveRequiredComponents (0ms)
	FinalizeReload (183ms)
		ReleaseScriptCaches (0ms)
		RebuildScriptCaches (0ms)
		SetupLoadedEditorAssemblies (142ms)
			LogAssemblyErrors (0ms)
			InitializePlatformSupportModulesInManaged (6ms)
			SetLoadedEditorAssemblies (6ms)
			RefreshPlugins (0ms)
			BeforeProcessingInitializeOnLoad (2ms)
			ProcessInitializeOnLoadAttributes (97ms)
			ProcessInitializeOnLoadMethodAttributes (31ms)
			AfterProcessingInitializeOnLoad (0ms)
			EditorAssembliesLoaded (0ms)
		ExecutionOrderSort2 (0ms)
		AwakeInstancesAfterBackupRestoration (0ms)
========================================================================
Worker process is ready to serve import requests
Begin MonoManager ReloadAssembly
- Loaded All Assemblies, in  0.448 seconds
Refreshing native plugins compatible for Editor in 2.53 ms, found 3 plugins.
Native extension for WindowsStandalone target not found
Package Manager log level set to [2]
[Package Manager] Server::EnsureServerProcessIsRunning -- launch failed, reason: Unity was launched with the -noUpm command-line argument
[Package Manager] UpmClient::Send -- Unable to send message (not connected to UPM process).
[Package Manager] Cannot connect to Unity Package Manager local server
Mono: successfully reloaded assembly
- Finished resetting the current domain, in  0.416 seconds
Domain Reload Profiling: 862ms
	BeginReloadAssembly (108ms)
		ExecutionOrderSort (0ms)
		DisableScriptedObjects (4ms)
		BackupInstance (0ms)
		ReleaseScriptingObjects (0ms)
		CreateAndSetChildDomain (14ms)
	RebuildCommonClasses (21ms)
	RebuildNativeTypeToScriptingClass (7ms)
	initialDomainReloadingComplete (26ms)
	LoadAllAssembliesAndSetupDomain (284ms)
		LoadAssemblies (217ms)
		RebuildTransferFunctionScriptingTraits (0ms)
		AnalyzeDomain (132ms)
			TypeCache.Refresh (116ms)
				TypeCache.ScanAssembly (104ms)
			ScanForSourceGeneratedMonoScriptInfo (11ms)
			ResolveRequiredComponents (4ms)
	FinalizeReload (416ms)
		ReleaseScriptCaches (0ms)
		RebuildScriptCaches (0ms)
		SetupLoadedEditorAssemblies (315ms)
			LogAssemblyErrors (0ms)
			InitializePlatformSupportModulesInManaged (4ms)
			SetLoadedEditorAssemblies (2ms)
			RefreshPlugins (0ms)
			BeforeProcessingInitializeOnLoad (39ms)
			ProcessInitializeOnLoadAttributes (251ms)
			ProcessInitializeOnLoadMethodAttributes (15ms)
			AfterProcessingInitializeOnLoad (4ms)
			EditorAssembliesLoaded (0ms)
		ExecutionOrderSort2 (0ms)
		AwakeInstancesAfterBackupRestoration (4ms)
Launched and connected shader compiler UnityShaderCompiler.exe after 0.08 seconds
Refreshing native plugins compatible for Editor in 5.74 ms, found 3 plugins.
Preloading 0 native plugins for Editor in 0.00 ms.
Unloading 3318 Unused Serialized files (Serialized files now loaded: 0)
Unloading 46 unused Assets / (131.7 KB). Loaded Objects now: 3804.
Memory consumption went from 149.7 MB to 149.5 MB.
Total: 4.177800 ms (FindLiveObjects: 0.480000 ms CreateObjectMapping: 0.159000 ms MarkObjects: 3.368100 ms  DeleteObjects: 0.169000 ms)

AssetImportParameters requested are different than current active one (requested -> active):
  custom:container-demuxer-ogg: 62fdf1f143b41e24485cea50d1cbac27 -> 
  custom:video-codec-MediaFoundation-h265: 746d11721c4dcdbdad8f713fa42b33f4 -> 
  custom:video-decoder-ogg-theora: a1e56fd34408186e4bbccfd4996cb3dc -> 
  custom:framework-win-MediaFoundation: 216162199b28c13a410421893ffa2e32 -> 
  custom:CustomObjectIndexerAttribute: 9a22284fe3817be447336de3de66b15e -> 
  custom:container-demuxer-webm: 4f35f7cbe854078d1ac9338744f61a02 -> 
  custom:container-muxer-webm: aa71ff27fc2769a1b78a27578f13a17b -> 
  custom:video-decoder-webm-vp8: 9c59270c3fd7afecdb556c50c9e8de78 -> 
  custom:SearchIndexIgnoredProperties: e643bd26f0fe6173181afceb89e7c659 -> 
  custom:AudioImporter_EditorPlatform: d09bf68614088b80899f8185d706f6e7 -> 
  custom:video-encoder-webm-vp8: eb34c28f22e8b96e1ab97ce403110664 -> 
  custom:audio-decoder-ogg-vorbis: bf7c407c2cedff20999df2af8eb42d56 -> 
  custom:audio-encoder-webm-vorbis: bf7c407c2cedff20999df2af8eb42d56 -> 
========================================================================
Received Import Request.
  Time since last request: 171545.820909 seconds.
  path: Assets/Resources/Prefabs/SM_Plant_Bush_Leaves_01.prefab
  artifactKey: Guid(e8a9455ef1c01f2439469a2d1b940cc8) Importer(815301076,1909f56bfc062723c751e8b465ee728b)
Start importing Assets/Resources/Prefabs/SM_Plant_Bush_Leaves_01.prefab using Guid(e8a9455ef1c01f2439469a2d1b940cc8) Importer(815301076,1909f56bfc062723c751e8b465ee728b)  -> (artifact id: '14f815073d4982d3eb6bf34f96fc4950') in 0.098999 seconds
Number of updated asset objects reloaded before import = 0
Number of asset objects unloaded after import = 84
========================================================================
Received Import Request.
  Time since last request: 8.737854 seconds.
  path: Assets/Resources/Prefabs/LargeGreenHouse.prefab
  artifactKey: Guid(1c89d2d5a3a39644f9de7f024f755902) Importer(815301076,1909f56bfc062723c751e8b465ee728b)
Start importing Assets/Resources/Prefabs/LargeGreenHouse.prefab using Guid(1c89d2d5a3a39644f9de7f024f755902) Importer(815301076,1909f56bfc062723c751e8b465ee728b)  -> (artifact id: 'ea947fa79225468d88f723157e1a93e9') in 0.042274 seconds
Number of updated asset objects reloaded before import = 0
Number of asset objects unloaded after import = 451
========================================================================
Received Import Request.
  Time since last request: 9.324975 seconds.
  path: Assets/SyntyStudios/PolygonKnights/Models/ConvexCollisions/SM_Bld_House_Chimney_01_Convex.asset
  artifactKey: Guid(056405336b86e2d4c923514d9af0c01f) Importer(815301076,1909f56bfc062723c751e8b465ee728b)
Start importing Assets/SyntyStudios/PolygonKnights/Models/ConvexCollisions/SM_Bld_House_Chimney_01_Convex.asset using Guid(056405336b86e2d4c923514d9af0c01f) Importer(815301076,1909f56bfc062723c751e8b465ee728b)  -> (artifact id: '55afecbf4d4a8e34618d0b54cf1b4714') in 0.045516 seconds
Number of updated asset objects reloaded before import = 0
Number of asset objects unloaded after import = 2
========================================================================
Received Import Request.
  Time since last request: 0.015681 seconds.
  path: Assets/SyntyStudios/PolygonKnights/Models/SM_Bld_House_Chimney_03.fbx
  artifactKey: Guid(5e78c0abbb6561740891cb3f5bca856b) Importer(815301076,1909f56bfc062723c751e8b465ee728b)
Start importing Assets/SyntyStudios/PolygonKnights/Models/SM_Bld_House_Chimney_03.fbx using Guid(5e78c0abbb6561740891cb3f5bca856b) Importer(815301076,1909f56bfc062723c751e8b465ee728b)  -> (artifact id: '5afa0a17fa8ef0cd71f631035bb1ac96') in 0.014568 seconds
Number of updated asset objects reloaded before import = 0
Number of asset objects unloaded after import = 7
========================================================================
Received Import Request.
  Time since last request: 0.000081 seconds.
  path: Assets/SyntyStudios/PolygonKnights/Models/ConvexCollisions/SM_Bld_House_Chimney_03_Convex.asset
  artifactKey: Guid(05719eb1077c45b44a88e159f5e2c21a) Importer(815301076,1909f56bfc062723c751e8b465ee728b)
Start importing Assets/SyntyStudios/PolygonKnights/Models/ConvexCollisions/SM_Bld_House_Chimney_03_Convex.asset using Guid(05719eb1077c45b44a88e159f5e2c21a) Importer(815301076,1909f56bfc062723c751e8b465ee728b)  -> (artifact id: 'e188f3737d47b99559561c990817a9a2') in 0.018596 seconds
Number of updated asset objects reloaded before import = 0
Number of asset objects unloaded after import = 2
========================================================================
Received Import Request.
  Time since last request: 0.000131 seconds.
  path: Assets/SyntyStudios/PolygonKnights/Models/SM_Bld_House_Door_01_Snow.fbx
  artifactKey: Guid(39b4be4c0f26623429d8f29e45790a80) Importer(815301076,1909f56bfc062723c751e8b465ee728b)
Start importing Assets/SyntyStudios/PolygonKnights/Models/SM_Bld_House_Door_01_Snow.fbx using Guid(39b4be4c0f26623429d8f29e45790a80) Importer(815301076,1909f56bfc062723c751e8b465ee728b)  -> (artifact id: 'd77c30d3e141dfdd053493ea68b93f38') in 0.025832 seconds
Number of updated asset objects reloaded before import = 0
Number of asset objects unloaded after import = 7
========================================================================
Received Import Request.
  Time since last request: 0.000132 seconds.
  path: Assets/SyntyStudios/PolygonKnights/Models/SM_Bld_House_Door_02.fbx
  artifactKey: Guid(dc6337257de0f304db805b57bcd0f382) Importer(815301076,1909f56bfc062723c751e8b465ee728b)
Start importing Assets/SyntyStudios/PolygonKnights/Models/SM_Bld_House_Door_02.fbx using Guid(dc6337257de0f304db805b57bcd0f382) Importer(815301076,1909f56bfc062723c751e8b465ee728b)  -> (artifact id: '9698cb8c01f93b724515fd5ac3a5f5e3') in 0.020524 seconds
Number of updated asset objects reloaded before import = 0
Number of asset objects unloaded after import = 7
========================================================================
Received Import Request.
  Time since last request: 0.000071 seconds.
  path: Assets/SyntyStudios/PolygonKnights/Models/SM_Bld_House_Chimney_05.fbx
  artifactKey: Guid(1280934ed1825c944a41d6a77bb54880) Importer(815301076,1909f56bfc062723c751e8b465ee728b)
Start importing Assets/SyntyStudios/PolygonKnights/Models/SM_Bld_House_Chimney_05.fbx using Guid(1280934ed1825c944a41d6a77bb54880) Importer(815301076,1909f56bfc062723c751e8b465ee728b)  -> (artifact id: '4d28f897035c3e1ce5068a6c7f46a22d') in 0.025059 seconds
Number of updated asset objects reloaded before import = 0
Number of asset objects unloaded after import = 7
========================================================================
Received Import Request.
  Time since last request: 0.858462 seconds.
  path: Assets/SyntyStudios/PolygonKnights/Models/ConvexCollisions/SM_Bld_House_Door_02_Convex.asset
  artifactKey: Guid(f2beb3068bf97544f9b98e31c330b53a) Importer(815301076,1909f56bfc062723c751e8b465ee728b)
Start importing Assets/SyntyStudios/PolygonKnights/Models/ConvexCollisions/SM_Bld_House_Door_02_Convex.asset using Guid(f2beb3068bf97544f9b98e31c330b53a) Importer(815301076,1909f56bfc062723c751e8b465ee728b)  -> (artifact id: '3836fb9f5c711df10ad75e61ec37ab31') in 0.016298 seconds
Number of updated asset objects reloaded before import = 0
Number of asset objects unloaded after import = 2
========================================================================
Received Import Request.
  Time since last request: 0.001777 seconds.
  path: Assets/SyntyStudios/PolygonKnights/Models/ConvexCollisions/SM_Bld_House_Door_03_Convex.asset
  artifactKey: Guid(c506e5e73dd88224787564efbf18d6d8) Importer(815301076,1909f56bfc062723c751e8b465ee728b)
Start importing Assets/SyntyStudios/PolygonKnights/Models/ConvexCollisions/SM_Bld_House_Door_03_Convex.asset using Guid(c506e5e73dd88224787564efbf18d6d8) Importer(815301076,1909f56bfc062723c751e8b465ee728b)  -> (artifact id: '5563db4c74010a86020894d144ba7f8e') in 0.018249 seconds
Number of updated asset objects reloaded before import = 0
Number of asset objects unloaded after import = 2
========================================================================
Received Import Request.
  Time since last request: 0.019220 seconds.
  path: Assets/SyntyStudios/PolygonKnights/Models/ConvexCollisions/SM_Bld_House_Door_03_Convex 1.asset
  artifactKey: Guid(2e57ae6b24cce944399a1077944e2e57) Importer(815301076,1909f56bfc062723c751e8b465ee728b)
Start importing Assets/SyntyStudios/PolygonKnights/Models/ConvexCollisions/SM_Bld_House_Door_03_Convex 1.asset using Guid(2e57ae6b24cce944399a1077944e2e57) Importer(815301076,1909f56bfc062723c751e8b465ee728b)  -> (artifact id: '9b4614ae2a67f6ff3df74dfa1c6747a4') in 0.036514 seconds
Number of updated asset objects reloaded before import = 0
Number of asset objects unloaded after import = 4
========================================================================
Received Import Request.
  Time since last request: 0.616784 seconds.
  path: Assets/SyntyStudios/PolygonKnights/Models/SM_Bld_House_Door_04_Snow.fbx
  artifactKey: Guid(0d55731b36cef39469c4fcd97446d658) Importer(815301076,1909f56bfc062723c751e8b465ee728b)
Start importing Assets/SyntyStudios/PolygonKnights/Models/SM_Bld_House_Door_04_Snow.fbx using Guid(0d55731b36cef39469c4fcd97446d658) Importer(815301076,1909f56bfc062723c751e8b465ee728b)  -> (artifact id: 'ee749ad7bacdcc43087bd9b1af4fc312') in 0.025281 seconds
Number of updated asset objects reloaded before import = 0
Number of asset objects unloaded after import = 7
========================================================================
Received Import Request.
  Time since last request: 0.009289 seconds.
  path: Assets/SyntyStudios/PolygonKnights/Models/SM_Bld_House_Extension_01_Snow.fbx
  artifactKey: Guid(3e24464043f8d604f9e7c4e8f694730b) Importer(815301076,1909f56bfc062723c751e8b465ee728b)
Start importing Assets/SyntyStudios/PolygonKnights/Models/SM_Bld_House_Extension_01_Snow.fbx using Guid(3e24464043f8d604f9e7c4e8f694730b) Importer(815301076,1909f56bfc062723c751e8b465ee728b)  -> (artifact id: 'c024b820021c4399563efc41e62da332') in 0.021016 seconds
Number of updated asset objects reloaded before import = 0
Number of asset objects unloaded after import = 7
========================================================================
Received Import Request.
  Time since last request: 0.014811 seconds.
  path: Assets/SyntyStudios/PolygonKnights/Models/ConvexCollisions/SM_Bld_House_Extension_02_Convex.asset
  artifactKey: Guid(30736ccaeebb3a740b2b8c1ce0c2ea56) Importer(815301076,1909f56bfc062723c751e8b465ee728b)
Start importing Assets/SyntyStudios/PolygonKnights/Models/ConvexCollisions/SM_Bld_House_Extension_02_Convex.asset using Guid(30736ccaeebb3a740b2b8c1ce0c2ea56) Importer(815301076,1909f56bfc062723c751e8b465ee728b)  -> (artifact id: '3cdd28ce7149d82eb2a4fee2145b51d0') in 0.020909 seconds
Number of updated asset objects reloaded before import = 0
Number of asset objects unloaded after import = 2
========================================================================
Received Import Request.
  Time since last request: 0.003539 seconds.
  path: Assets/SyntyStudios/PolygonKnights/Models/ConvexCollisions/SM_Bld_House_Foundation_01_Convex.asset
  artifactKey: Guid(8a1bfd33d9d190d468e2b85cbd654fe1) Importer(815301076,1909f56bfc062723c751e8b465ee728b)
Start importing Assets/SyntyStudios/PolygonKnights/Models/ConvexCollisions/SM_Bld_House_Foundation_01_Convex.asset using Guid(8a1bfd33d9d190d468e2b85cbd654fe1) Importer(815301076,1909f56bfc062723c751e8b465ee728b)  -> (artifact id: '9ec73106025a15d5adb3dc358c7820a7') in 0.018375 seconds
Number of updated asset objects reloaded before import = 0
Number of asset objects unloaded after import = 2
========================================================================
Received Import Request.
  Time since last request: 0.451225 seconds.
  path: Assets/SyntyStudios/PolygonKnights/Models/SM_Bld_House_Foundation_02.fbx
  artifactKey: Guid(f9eea6b97653248418af4a6ede1c568d) Importer(815301076,1909f56bfc062723c751e8b465ee728b)
Start importing Assets/SyntyStudios/PolygonKnights/Models/SM_Bld_House_Foundation_02.fbx using Guid(f9eea6b97653248418af4a6ede1c568d) Importer(815301076,1909f56bfc062723c751e8b465ee728b)  -> (artifact id: 'c3f89cf6a868fdbe61939c569c485134') in 0.021901 seconds
Number of updated asset objects reloaded before import = 0
Number of asset objects unloaded after import = 7
========================================================================
Received Import Request.
  Time since last request: 0.012208 seconds.
  path: Assets/SyntyStudios/PolygonKnights/Models/ConvexCollisions/SM_Bld_House_Foundation_03_Convex.asset
  artifactKey: Guid(b45663fd014053e49acc42005a31e482) Importer(815301076,1909f56bfc062723c751e8b465ee728b)
Start importing Assets/SyntyStudios/PolygonKnights/Models/ConvexCollisions/SM_Bld_House_Foundation_03_Convex.asset using Guid(b45663fd014053e49acc42005a31e482) Importer(815301076,1909f56bfc062723c751e8b465ee728b)  -> (artifact id: 'ecffb72b68bb1a4b6e51947b8549c52b') in 0.017358 seconds
Number of updated asset objects reloaded before import = 0
Number of asset objects unloaded after import = 2
========================================================================
Received Import Request.
  Time since last request: 0.019833 seconds.
  path: Assets/SyntyStudios/PolygonKnights/Models/ConvexCollisions/SM_Bld_House_Foundation_04_Convex 1.asset
  artifactKey: Guid(52b5a5b3421cff74e85739c7249ac8ce) Importer(815301076,1909f56bfc062723c751e8b465ee728b)
Start importing Assets/SyntyStudios/PolygonKnights/Models/ConvexCollisions/SM_Bld_House_Foundation_04_Convex 1.asset using Guid(52b5a5b3421cff74e85739c7249ac8ce) Importer(815301076,1909f56bfc062723c751e8b465ee728b)  -> (artifact id: '5f7f1f8bc220d4c283eb0b0885df2ba9') in 0.035250 seconds
Number of updated asset objects reloaded before import = 0
Number of asset objects unloaded after import = 3
========================================================================
Received Import Request.
  Time since last request: 0.653480 seconds.
  path: Assets/SyntyStudios/PolygonKnights/Models/ConvexCollisions/SM_Bld_House_Foundation_07_Convex.asset
  artifactKey: Guid(3e67ff1aa88d99a49b2f19a2142af075) Importer(815301076,1909f56bfc062723c751e8b465ee728b)
Start importing Assets/SyntyStudios/PolygonKnights/Models/ConvexCollisions/SM_Bld_House_Foundation_07_Convex.asset using Guid(3e67ff1aa88d99a49b2f19a2142af075) Importer(815301076,1909f56bfc062723c751e8b465ee728b)  -> (artifact id: 'd9ce72e0836f20c3c46bc4a3983259b8') in 0.019529 seconds
Number of updated asset objects reloaded before import = 0
Number of asset objects unloaded after import = 2
========================================================================
Received Import Request.
  Time since last request: 0.052223 seconds.
  path: Assets/SyntyStudios/PolygonKnights/Models/ConvexCollisions/SM_Bld_House_Foundation_Beams_01_Convex.asset
  artifactKey: Guid(134d9f19a7cc59f48a10317c03aabd83) Importer(815301076,1909f56bfc062723c751e8b465ee728b)
Start importing Assets/SyntyStudios/PolygonKnights/Models/ConvexCollisions/SM_Bld_House_Foundation_Beams_01_Convex.asset using Guid(134d9f19a7cc59f48a10317c03aabd83) Importer(815301076,1909f56bfc062723c751e8b465ee728b)  -> (artifact id: 'a9832076337fe197493d2f9e12c20a43') in 0.022459 seconds
Number of updated asset objects reloaded before import = 0
Number of asset objects unloaded after import = 2
========================================================================
Received Import Request.
  Time since last request: 1.572645 seconds.
  path: Assets/SyntyStudios/PolygonKnights/Models/ConvexCollisions/SM_Bld_House_Foundation_Beams_01_Convex 3.asset
  artifactKey: Guid(44e8de31488a0804580a28fc6e6fb7ad) Importer(815301076,1909f56bfc062723c751e8b465ee728b)
Start importing Assets/SyntyStudios/PolygonKnights/Models/ConvexCollisions/SM_Bld_House_Foundation_Beams_01_Convex 3.asset using Guid(44e8de31488a0804580a28fc6e6fb7ad) Importer(815301076,1909f56bfc062723c751e8b465ee728b)  -> (artifact id: '9edd616072ac68c90cbde04f04fa2752') in 0.043356 seconds
Number of updated asset objects reloaded before import = 0
Number of asset objects unloaded after import = 6
========================================================================
Received Import Request.
  Time since last request: 0.002524 seconds.
  path: Assets/SyntyStudios/PolygonKnights/Models/ConvexCollisions/SM_Bld_House_Foundation_Beams_01_Convex 4.asset
  artifactKey: Guid(6f76a710406dd584780f3f1c87e0144f) Importer(815301076,1909f56bfc062723c751e8b465ee728b)
Start importing Assets/SyntyStudios/PolygonKnights/Models/ConvexCollisions/SM_Bld_House_Foundation_Beams_01_Convex 4.asset using Guid(6f76a710406dd584780f3f1c87e0144f) Importer(815301076,1909f56bfc062723c751e8b465ee728b)  -> (artifact id: 'a77e8bea68cc045da4c343a8786e2d17') in 0.050392 seconds
Number of updated asset objects reloaded before import = 0
Number of asset objects unloaded after import = 7
========================================================================
Received Import Request.
  Time since last request: 0.001582 seconds.
  path: Assets/SyntyStudios/PolygonKnights/Models/ConvexCollisions/SM_Bld_House_Foundation_Beams_01_Convex 5.asset
  artifactKey: Guid(8233694641632314c9f11f271e8001f1) Importer(815301076,1909f56bfc062723c751e8b465ee728b)
Start importing Assets/SyntyStudios/PolygonKnights/Models/ConvexCollisions/SM_Bld_House_Foundation_Beams_01_Convex 5.asset using Guid(8233694641632314c9f11f271e8001f1) Importer(815301076,1909f56bfc062723c751e8b465ee728b)  -> (artifact id: 'c8ffc3a8e5306c83019e0e559356e28f') in 0.055018 seconds
Number of updated asset objects reloaded before import = 0
Number of asset objects unloaded after import = 4
========================================================================
Received Import Request.
  Time since last request: 0.669293 seconds.
  path: Assets/SyntyStudios/PolygonKnights/Models/ConvexCollisions/SM_Bld_House_FoundationRock_01_Convex.asset
  artifactKey: Guid(5f0b264e83c669043ab55372035104f3) Importer(815301076,1909f56bfc062723c751e8b465ee728b)
Start importing Assets/SyntyStudios/PolygonKnights/Models/ConvexCollisions/SM_Bld_House_FoundationRock_01_Convex.asset using Guid(5f0b264e83c669043ab55372035104f3) Importer(815301076,1909f56bfc062723c751e8b465ee728b)  -> (artifact id: '6c6b5afda4ea56d7d083ac4cfbb42f85') in 0.019969 seconds
Number of updated asset objects reloaded before import = 0
Number of asset objects unloaded after import = 2
========================================================================
Received Import Request.
  Time since last request: 0.009498 seconds.
  path: Assets/SyntyStudios/PolygonKnights/Models/ConvexCollisions/SM_Bld_House_Room_01_Convex.asset
  artifactKey: Guid(ca2f65c081313694abb679ec56272ef1) Importer(815301076,1909f56bfc062723c751e8b465ee728b)
Start importing Assets/SyntyStudios/PolygonKnights/Models/ConvexCollisions/SM_Bld_House_Room_01_Convex.asset using Guid(ca2f65c081313694abb679ec56272ef1) Importer(815301076,1909f56bfc062723c751e8b465ee728b)  -> (artifact id: '940b34d485ec7bb04bb8a074630259ab') in 0.022696 seconds
Number of updated asset objects reloaded before import = 0
Number of asset objects unloaded after import = 2
========================================================================
Received Import Request.
  Time since last request: 0.030716 seconds.
  path: Assets/SyntyStudios/PolygonKnights/Models/SM_Bld_House_Room_02.fbx
  artifactKey: Guid(1c6ddc10fe1ed6748ac1075b560af587) Importer(815301076,1909f56bfc062723c751e8b465ee728b)
Start importing Assets/SyntyStudios/PolygonKnights/Models/SM_Bld_House_Room_02.fbx using Guid(1c6ddc10fe1ed6748ac1075b560af587) Importer(815301076,1909f56bfc062723c751e8b465ee728b)  -> (artifact id: '0706b3838184c3a1b33ce4677dd648ae') in 0.021996 seconds
Number of updated asset objects reloaded before import = 0
Number of asset objects unloaded after import = 7
========================================================================
Received Import Request.
  Time since last request: 0.453552 seconds.
  path: Assets/SyntyStudios/PolygonKnights/Models/ConvexCollisions/SM_Bld_House_Room_02_Snow_Convex.asset
  artifactKey: Guid(36c9019a5f702ea4f9212e98a07df9e6) Importer(815301076,1909f56bfc062723c751e8b465ee728b)
Start importing Assets/SyntyStudios/PolygonKnights/Models/ConvexCollisions/SM_Bld_House_Room_02_Snow_Convex.asset using Guid(36c9019a5f702ea4f9212e98a07df9e6) Importer(815301076,1909f56bfc062723c751e8b465ee728b)  -> (artifact id: '4d0b84e2c90550b817f30a5402b77a76') in 0.015592 seconds
Number of updated asset objects reloaded before import = 0
Number of asset objects unloaded after import = 2
========================================================================
Received Import Request.
  Time since last request: 0.046544 seconds.
  path: Assets/SyntyStudios/PolygonKnights/Models/SM_Bld_House_Room_03_Snow.fbx
  artifactKey: Guid(dda05053b68200a449f4c3c00a25affc) Importer(815301076,1909f56bfc062723c751e8b465ee728b)
Start importing Assets/SyntyStudios/PolygonKnights/Models/SM_Bld_House_Room_03_Snow.fbx using Guid(dda05053b68200a449f4c3c00a25affc) Importer(815301076,1909f56bfc062723c751e8b465ee728b)  -> (artifact id: '5ef6ed7d9cc9b48d4beed029443b879f') in 0.024967 seconds
Number of updated asset objects reloaded before import = 0
Number of asset objects unloaded after import = 7
========================================================================
Received Import Request.
  Time since last request: 0.035891 seconds.
  path: Assets/SyntyStudios/PolygonKnights/Models/SM_Bld_House_Room_04_Snow.fbx
  artifactKey: Guid(13db8434ee37ec04c94eb546e02dfd53) Importer(815301076,1909f56bfc062723c751e8b465ee728b)
Start importing Assets/SyntyStudios/PolygonKnights/Models/SM_Bld_House_Room_04_Snow.fbx using Guid(13db8434ee37ec04c94eb546e02dfd53) Importer(815301076,1909f56bfc062723c751e8b465ee728b)  -> (artifact id: 'c66a61bde6d05ab875c6fbc7e4f402a1') in 0.021043 seconds
Number of updated asset objects reloaded before import = 0
Number of asset objects unloaded after import = 7
========================================================================
Received Prepare
Begin MonoManager ReloadAssembly
- Loaded All Assemblies, in  0.358 seconds
Refreshing native plugins compatible for Editor in 2.85 ms, found 3 plugins.
Native extension for WindowsStandalone target not found
[Package Manager] Server::EnsureServerProcessIsRunning -- launch failed, reason: Unity was launched with the -noUpm command-line argument
[Package Manager] UpmClient::Send -- Unable to send message (not connected to UPM process).
[Package Manager] Cannot connect to Unity Package Manager local server
Mono: successfully reloaded assembly
- Finished resetting the current domain, in  0.879 seconds
Domain Reload Profiling: 1236ms
	BeginReloadAssembly (134ms)
		ExecutionOrderSort (0ms)
		DisableScriptedObjects (3ms)
		BackupInstance (0ms)
		ReleaseScriptingObjects (0ms)
		CreateAndSetChildDomain (28ms)
	RebuildCommonClasses (22ms)
	RebuildNativeTypeToScriptingClass (7ms)
	initialDomainReloadingComplete (22ms)
	LoadAllAssembliesAndSetupDomain (171ms)
		LoadAssemblies (237ms)
		RebuildTransferFunctionScriptingTraits (0ms)
		AnalyzeDomain (12ms)
			TypeCache.Refresh (6ms)
				TypeCache.ScanAssembly (0ms)
			ScanForSourceGeneratedMonoScriptInfo (0ms)
			ResolveRequiredComponents (5ms)
	FinalizeReload (880ms)
		ReleaseScriptCaches (0ms)
		RebuildScriptCaches (0ms)
		SetupLoadedEditorAssemblies (423ms)
			LogAssemblyErrors (0ms)
			InitializePlatformSupportModulesInManaged (6ms)
			SetLoadedEditorAssemblies (4ms)
			RefreshPlugins (0ms)
			BeforeProcessingInitializeOnLoad (59ms)
			ProcessInitializeOnLoadAttributes (325ms)
			ProcessInitializeOnLoadMethodAttributes (23ms)
			AfterProcessingInitializeOnLoad (6ms)
			EditorAssembliesLoaded (0ms)
		ExecutionOrderSort2 (0ms)
		AwakeInstancesAfterBackupRestoration (6ms)
Refreshing native plugins compatible for Editor in 4.73 ms, found 3 plugins.
Preloading 0 native plugins for Editor in 0.00 ms.
Unloading 3290 Unused Serialized files (Serialized files now loaded: 0)
Unloading 24 unused Assets / (102.0 KB). Loaded Objects now: 3832.
Memory consumption went from 147.6 MB to 147.5 MB.
Total: 4.340900 ms (FindLiveObjects: 0.303700 ms CreateObjectMapping: 0.171600 ms MarkObjects: 3.761600 ms  DeleteObjects: 0.102800 ms)

Prepare: number of updated asset objects reloaded= 0
AssetImportParameters requested are different than current active one (requested -> active):
  custom:container-demuxer-ogg: 62fdf1f143b41e24485cea50d1cbac27 -> 
  custom:video-codec-MediaFoundation-h265: 746d11721c4dcdbdad8f713fa42b33f4 -> 
  custom:video-decoder-ogg-theora: a1e56fd34408186e4bbccfd4996cb3dc -> 
  custom:framework-win-MediaFoundation: 216162199b28c13a410421893ffa2e32 -> 
  custom:CustomObjectIndexerAttribute: 9a22284fe3817be447336de3de66b15e -> 
  custom:container-demuxer-webm: 4f35f7cbe854078d1ac9338744f61a02 -> 
  custom:container-muxer-webm: aa71ff27fc2769a1b78a27578f13a17b -> 
  custom:video-decoder-webm-vp8: 9c59270c3fd7afecdb556c50c9e8de78 -> 
  custom:SearchIndexIgnoredProperties: e643bd26f0fe6173181afceb89e7c659 -> 
  custom:AudioImporter_EditorPlatform: d09bf68614088b80899f8185d706f6e7 -> 
  custom:video-encoder-webm-vp8: eb34c28f22e8b96e1ab97ce403110664 -> 
  custom:audio-decoder-ogg-vorbis: bf7c407c2cedff20999df2af8eb42d56 -> 
  custom:audio-encoder-webm-vorbis: bf7c407c2cedff20999df2af8eb42d56 -> 
Editor requested this worker to shutdown with reason: Scaling down because of idle timeout
TcpMessagingSession - receive error: operation aborted. errorcode: 995, details: The I/O operation has been aborted because of either a thread exit or an application request.
AssetImportWorker is now disconnected from the server
Process exiting
Exiting without the bug reporter. Application will terminate with return code 0